TN:
SF:/home/chad/git/rv/benches/beta.rs
FNF:0
DA:8,0
DA:9,0
DA:10,0
DA:13,0
DA:14,0
DA:15,0
DA:18,0
DA:19,0
DA:20,0
DA:21,0
DA:24,0
DA:25,0
DA:26,0
DA:28,0
LF:14
LH:0
end_of_record
TN:
SF:/home/chad/git/rv/benches/unit_powerlaw.rs
FNF:0
DA:7,0
DA:8,0
DA:9,0
DA:12,0
DA:13,0
DA:14,0
DA:15,0
DA:18,0
DA:19,0
DA:20,0
DA:22,0
LF:11
LH:0
end_of_record
TN:
SF:/home/chad/git/rv/src/data/datum.rs
FNF:0
DA:46,0
DA:47,0
DA:48,0
DA:56,0
DA:57,0
DA:58,0
DA:59,0
DA:62,0
DA:63,0
DA:64,0
DA:65,0
DA:73,0
DA:75,0
DA:77,0
DA:78,0
LF:15
LH:0
end_of_record
TN:
SF:/home/chad/git/rv/src/data/mod.rs
FN:44,into_usize
FN:48,from_usize
FN:54,into_usize
FN:58,from_usize
FN:66,into_usize
FN:70,from_usize
FN:87,into_bool<usize>
FN:97,into_bool
FN:101,try_into_bool
FN:105,from_bool
FN:113,try_into_bool
FN:123,from_bool
FN:221,extract_stat<rv::dist::gaussian::Gaussian, f64, fn() -> rv::data::stat::gaussian::GaussianSuffStat>
FN:234,{closure#0}<rv::dist::gaussian::Gaussian, f64, fn() -> rv::data::stat::gaussian::GaussianSuffStat>
FN:242,extract_stat_then<rv::dist::gaussian::Gaussian, f64, fn() -> rv::data::stat::gaussian::GaussianSuffStat, rv::dist::normal_inv_chi_squared::gaussian_prior::{impl#0}::ln_m_with_cache::{closure_env#0}, f64>
FNF:15
FNDA:1,into_usize
FNDA:1,from_usize
FNDA:1,into_usize
FNDA:1,from_usize
FNDA:3,into_usize
FNDA:3,from_usize
FNDA:8,into_bool<usize>
FNDA:2,into_bool
FNDA:1,try_into_bool
FNDA:1,from_bool
FNDA:10,try_into_bool
FNDA:10,from_bool
FNDA:7,extract_stat<rv::dist::gaussian::Gaussian, f64, fn() -> rv::data::stat::gaussian::GaussianSuffStat>
FNDA:28,{closure#0}<rv::dist::gaussian::Gaussian, f64, fn() -> rv::data::stat::gaussian::GaussianSuffStat>
FNDA:15,extract_stat_then<rv::dist::gaussian::Gaussian, f64, fn() -> rv::data::stat::gaussian::GaussianSuffStat, rv::dist::normal_inv_chi_squared::gaussian_prior::{impl#0}::ln_m_with_cache::{closure_env#0}, f64>
DA:44,1
DA:48,1
DA:54,1
DA:58,1
DA:59,1
DA:66,3
DA:67,3
DA:70,3
DA:71,3
DA:87,8
DA:88,8
DA:97,2
DA:101,1
DA:102,1
DA:105,1
DA:113,10
DA:114,20
DA:115,10
DA:116,30
DA:117,10
DA:119,10
DA:123,10
DA:124,20
DA:125,10
DA:127,10
DA:165,0
DA:166,0
DA:167,0
DA:168,0
DA:191,0
DA:192,0
DA:214,0
DA:215,0
DA:221,7
DA:230,6
DA:231,2
DA:232,7
DA:233,6
DA:234,28
DA:235,7
DA:242,15
DA:253,14
DA:254,13
LF:43
LH:35
end_of_record
TN:
SF:/home/chad/git/rv/src/data/partition.rs
FN:19,default
FN:25,from
FN:62,fmt
FNF:3
FNDA:0,default
FNDA:0,from
FNDA:0,fmt
DA:19,0
DA:20,0
DA:25,0
DA:26,0
DA:27,0
DA:28,0
DA:31,0
DA:32,0
DA:34,0
DA:35,0
DA:38,0
DA:62,0
DA:63,0
DA:65,0
DA:67,0
DA:68,0
DA:81,0
DA:83,0
DA:84,0
DA:88,1
DA:92,0
DA:96,0
DA:100,1
DA:101,1
DA:104,0
DA:105,0
DA:124,1
DA:125,2
DA:126,0
DA:129,2
DA:130,2
DA:131,4
DA:133,3
DA:134,1
DA:135,1
DA:137,0
DA:153,0
DA:155,0
DA:156,0
DA:157,0
DA:159,0
DA:160,0
DA:161,0
DA:164,0
DA:166,0
DA:167,0
DA:183,0
DA:184,0
DA:185,0
DA:186,0
DA:191,0
DA:192,0
DA:193,0
DA:195,0
DA:197,0
DA:212,1
DA:213,1
DA:217,1
DA:218,1
DA:221,0
DA:222,0
DA:236,0
DA:237,0
DA:238,0
LF:64
LH:15
end_of_record
TN:
SF:/home/chad/git/rv/src/data/stat/bernoulli.rs
FN:74,default
FNF:1
FNDA:0,default
DA:23,0
DA:30,1
DA:49,1
DA:50,1
DA:68,1
DA:69,1
DA:74,0
DA:75,0
DA:83,0
DA:84,0
DA:92,0
DA:93,0
DA:101,0
DA:102,0
DA:107,0
DA:108,0
DA:111,5
DA:112,5
DA:113,8
DA:114,3
DA:118,0
DA:119,0
DA:120,0
DA:121,0
LF:24
LH:9
end_of_record
TN:
SF:/home/chad/git/rv/src/data/stat/beta.rs
FN:66,default
FN:74,from
FN:80,from
FN:86,from
FN:92,from
FN:100,from
FN:108,n
FN:112,observe
FN:121,forget
FNF:9
FNDA:0,default
FNDA:0,from
FNDA:0,from
FNDA:0,from
FNDA:0,from
FNDA:0,from
FNDA:0,n
FNDA:1,observe
FNDA:0,forget
DA:23,1
DA:34,0
DA:48,1
DA:49,1
DA:54,1
DA:55,1
DA:60,1
DA:61,1
DA:66,0
DA:67,0
DA:74,0
DA:75,0
DA:80,0
DA:81,0
DA:86,0
DA:87,0
DA:92,0
DA:93,0
DA:94,0
DA:95,0
DA:100,0
DA:101,0
DA:102,0
DA:103,0
DA:108,0
DA:109,0
DA:112,1
DA:113,1
DA:115,1
DA:117,1
DA:118,1
DA:121,0
DA:122,0
DA:123,0
DA:125,0
DA:126,0
DA:127,0
DA:129,0
DA:130,0
DA:131,0
LF:40
LH:12
end_of_record
TN:
SF:/home/chad/git/rv/src/data/stat/categorical.rs
FNF:0
DA:23,1
DA:26,1
DA:33,1
DA:53,1
DA:54,1
DA:73,1
DA:74,0
DA:82,0
DA:83,0
DA:91,0
DA:92,0
DA:100,0
DA:101,0
DA:106,0
DA:107,0
DA:110,1
DA:111,1
DA:112,1
DA:113,1
DA:116,0
DA:117,0
DA:118,0
DA:119,0
LF:23
LH:10
end_of_record
TN:
SF:/home/chad/git/rv/src/data/stat/gaussian.rs
FN:68,default
FN:78,from
FN:84,from
FN:90,from
FN:96,from
FN:104,from
FN:112,n
FN:116,observe
FN:127,forget
FNF:9
FNDA:0,default
FNDA:0,from
FNDA:2,from
FNDA:1,from
FNDA:0,from
FNDA:0,from
FNDA:0,n
FNDA:2,observe
FNDA:1,forget
DA:26,2
DA:37,1
DA:43,1
DA:44,1
DA:49,1
DA:50,1
DA:55,1
DA:56,1
DA:61,1
DA:62,1
DA:63,1
DA:68,0
DA:69,0
DA:78,0
DA:79,0
DA:84,2
DA:85,2
DA:90,1
DA:91,1
DA:96,0
DA:97,0
DA:98,0
DA:99,0
DA:104,0
DA:105,0
DA:106,0
DA:107,0
DA:112,0
DA:113,0
DA:116,2
DA:117,2
DA:119,2
DA:121,4
DA:122,2
DA:123,2
DA:124,2
DA:127,1
DA:128,2
DA:129,1
DA:131,1
DA:132,2
DA:134,1
DA:136,1
DA:137,1
DA:138,2
DA:140,0
DA:141,0
DA:142,0
LF:48
LH:31
end_of_record
TN:
SF:/home/chad/git/rv/src/data/stat/invgamma.rs
FN:66,default
FN:76,from
FN:82,from
FN:88,from
FN:94,from
FN:102,from
FN:110,n
FN:114,observe
FN:123,forget
FNF:9
FNDA:0,default
FNDA:0,from
FNDA:0,from
FNDA:0,from
FNDA:0,from
FNDA:0,from
FNDA:0,n
FNDA:1,observe
FNDA:0,forget
DA:23,1
DA:34,0
DA:48,1
DA:49,1
DA:54,1
DA:55,1
DA:60,1
DA:61,1
DA:66,0
DA:67,0
DA:76,0
DA:77,0
DA:82,0
DA:83,0
DA:88,0
DA:89,0
DA:94,0
DA:95,0
DA:96,0
DA:97,0
DA:102,0
DA:103,0
DA:104,0
DA:105,0
DA:110,0
DA:111,0
DA:114,1
DA:115,1
DA:117,1
DA:119,1
DA:120,1
DA:123,0
DA:124,0
DA:125,0
DA:127,0
DA:128,0
DA:129,0
DA:131,0
DA:132,0
DA:133,0
LF:40
LH:12
end_of_record
TN:
SF:/home/chad/git/rv/src/data/stat/invgaussian.rs
FN:85,default
FN:95,from
FN:103,from
FN:109,from
FN:115,from
FN:123,from
FN:131,n
FN:135,observe
FN:145,forget
FNF:9
FNDA:0,default
FNDA:0,from
FNDA:0,from
FNDA:0,from
FNDA:0,from
FNDA:0,from
FNDA:0,n
FNDA:1,observe
FNDA:0,forget
DA:28,1
DA:40,0
DA:56,1
DA:57,1
DA:62,0
DA:63,0
DA:68,1
DA:69,1
DA:74,1
DA:75,1
DA:79,1
DA:80,1
DA:85,0
DA:86,0
DA:95,0
DA:96,0
DA:103,0
DA:104,0
DA:109,0
DA:110,0
DA:115,0
DA:116,0
DA:117,0
DA:118,0
DA:123,0
DA:124,0
DA:125,0
DA:126,0
DA:131,0
DA:132,0
DA:135,1
DA:136,1
DA:138,1
DA:140,1
DA:141,1
DA:142,1
DA:145,0
DA:146,0
DA:147,0
DA:149,0
DA:150,0
DA:151,0
DA:152,0
DA:154,0
DA:155,0
DA:156,0
DA:157,0
LF:47
LH:15
end_of_record
TN:
SF:/home/chad/git/rv/src/data/stat/mvg.rs
FNF:0
DA:18,0
DA:21,0
DA:22,0
DA:39,0
DA:40,0
DA:45,0
DA:46,0
DA:51,0
DA:52,0
LF:9
LH:0
end_of_record
TN:
SF:/home/chad/git/rv/src/data/stat/poisson.rs
FN:65,default
FN:75,from
FN:81,from
FN:87,from
FN:93,n
FN:97,observe
FN:104,forget
FNF:7
FNDA:0,default
FNDA:0,from
FNDA:1,from
FNDA:0,from
FNDA:0,n
FNDA:2,observe
FNDA:0,forget
DA:27,1
DA:38,0
DA:48,2
DA:49,3
DA:54,3
DA:55,3
DA:59,2
DA:60,2
DA:65,0
DA:66,0
DA:75,0
DA:76,0
DA:81,1
DA:82,1
DA:87,0
DA:88,0
DA:93,0
DA:94,0
DA:97,2
DA:98,2
DA:99,2
DA:100,2
DA:101,2
DA:104,0
DA:105,0
DA:106,0
DA:107,0
DA:108,0
DA:109,0
DA:111,0
DA:112,0
DA:113,0
LF:32
LH:14
end_of_record
TN:
SF:/home/chad/git/rv/src/data/stat/unit_powerlaw.rs
FN:49,default
FN:59,from
FN:67,from
FN:73,from
FN:79,from
FN:87,from
FN:95,n
FN:99,observe
FN:105,forget
FN:116,observe_many
FN:122,forget_many
FNF:11
FNDA:0,default
FNDA:0,from
FNDA:0,from
FNDA:0,from
FNDA:0,from
FNDA:0,from
FNDA:0,n
FNDA:0,observe
FNDA:0,forget
FNDA:1,observe_many
FNDA:0,forget_many
DA:21,0
DA:31,0
DA:37,1
DA:38,1
DA:43,1
DA:44,1
DA:49,0
DA:50,0
DA:59,0
DA:60,0
DA:67,0
DA:68,0
DA:73,0
DA:74,0
DA:79,0
DA:80,0
DA:81,0
DA:82,0
DA:87,0
DA:88,0
DA:89,0
DA:90,0
DA:95,0
DA:96,0
DA:99,0
DA:100,0
DA:101,0
DA:102,0
DA:105,0
DA:106,0
DA:107,0
DA:108,0
DA:109,0
DA:111,0
DA:112,0
DA:116,1
DA:117,1
DA:118,1
DA:119,3
DA:122,0
DA:123,0
DA:124,0
DA:125,0
LF:43
LH:8
end_of_record
TN:
SF:/home/chad/git/rv/src/dist/bernoulli.rs
FN:191,default
FN:197,from
FN:205,f<bool>
FN:214,ln_f<bool>
FN:297,kl
FN:306,entropy
FN:313,skewness
FN:319,kurtosis
FN:326,mean
FN:332,median
FN:345,variance
FN:353,fmt
FNF:12
FNDA:1,default
FNDA:0,from
FNDA:2,f<bool>
FNDA:1,ln_f<bool>
FNDA:0,kl
FNDA:1,entropy
FNDA:1,skewness
FNDA:1,kurtosis
FNDA:1,mean
FNDA:3,median
FNDA:2,variance
FNDA:0,fmt
DA:79,4
DA:80,5
DA:81,1
DA:82,15
DA:83,1
DA:84,29
DA:85,1
DA:87,17
DA:94,0
DA:110,0
DA:125,1
DA:126,1
DA:155,1
DA:156,1
DA:157,0
DA:158,1
DA:159,0
DA:160,2
DA:161,0
DA:163,1
DA:164,1
DA:170,1
DA:171,1
DA:185,7
DA:186,6
DA:191,1
DA:192,1
DA:197,0
DA:198,0
DA:205,2
DA:206,5
DA:207,11
DA:208,4
DA:210,3
DA:214,1
DA:216,1
DA:221,1
DA:222,1
DA:223,1
DA:224,1
DA:227,3
DA:228,6
DA:229,6
DA:230,6
DA:231,3
DA:232,3
DA:239,2
DA:240,2
DA:245,4
DA:246,4
DA:247,4
DA:250,6
DA:251,6
DA:252,6
DA:257,5
DA:258,5
DA:259,4
DA:260,2
DA:262,2
DA:268,3
DA:269,4
DA:270,5
DA:271,2
DA:272,7
DA:273,2
DA:275,3
DA:282,0
DA:283,0
DA:286,1
DA:287,1
DA:288,1
DA:290,1
DA:291,1
DA:292,1
DA:297,0
DA:298,0
DA:299,0
DA:300,0
DA:306,1
DA:307,1
DA:308,1
DA:313,1
DA:314,1
DA:319,1
DA:320,1
DA:321,1
DA:326,1
DA:327,1
DA:332,3
DA:333,3
DA:334,4
DA:335,1
DA:336,3
DA:337,1
DA:339,1
DA:345,2
DA:346,2
DA:353,0
DA:354,0
DA:355,0
DA:356,0
DA:358,0
DA:359,0
DA:361,0
LF:104
LH:84
end_of_record
TN:
SF:/home/chad/git/rv/src/dist/beta/bernoulli_prior.rs
FN:10,ln_f
FN:23,supports
FN:36,posterior<u16>
FN:57,ln_m_with_cache<bool>
FNF:4
FNDA:0,ln_f
FNDA:0,supports
FNDA:2,posterior<u16>
FNDA:1,ln_m_with_cache<bool>
DA:10,0
DA:11,0
DA:16,0
DA:17,0
DA:18,0
DA:23,0
DA:24,0
DA:36,2
DA:37,4
DA:38,2
DA:39,2
DA:40,6
DA:41,2
DA:43,0
DA:46,2
DA:47,2
DA:49,2
DA:53,1
DA:54,1
DA:57,1
DA:62,1
DA:63,2
DA:67,0
DA:69,0
DA:70,0
DA:71,0
DA:74,0
DA:76,0
DA:77,0
DA:79,0
LF:30
LH:14
end_of_record
TN:
SF:/home/chad/git/rv/src/dist/beta.rs
FN:57,eq
FN:277,{closure#0}
FN:282,default
FN:288,from
FN:298,ln_f
FN:307,draw<rand::rngs::thread::ThreadRng>
FN:312,sample<rand::rngs::thread::ThreadRng>
FN:314,{closure#0}<rand::rngs::thread::ThreadRng>
FN:319,supports
FN:328,cdf
FN:335,mean
FN:341,mode
FN:367,empty_suffstat
FN:371,ln_f_stat
FN:383,variance
FN:390,entropy
FN:404,skewness
FN:413,kurtosis
FN:429,fmt
FNF:19
FNDA:1,eq
FNDA:18,{closure#0}
FNDA:0,default
FNDA:0,from
FNDA:4,ln_f
FNDA:1,draw<rand::rngs::thread::ThreadRng>
FNDA:3,sample<rand::rngs::thread::ThreadRng>
FNDA:12,{closure#0}<rand::rngs::thread::ThreadRng>
FNDA:3,supports
FNDA:2,cdf
FNDA:1,mean
FNDA:6,mode
FNDA:0,empty_suffstat
FNDA:1,ln_f_stat
FNDA:1,variance
FNDA:1,entropy
FNDA:1,skewness
FNDA:1,kurtosis
FNDA:0,fmt
DA:57,1
DA:58,1
DA:95,13
DA:96,14
DA:97,0
DA:98,17
DA:99,0
DA:100,8
DA:101,0
DA:102,37
DA:103,0
DA:105,19
DA:108,8
DA:115,0
DA:119,0
DA:133,1
DA:137,1
DA:152,4
DA:156,4
DA:170,1
DA:171,1
DA:198,2
DA:199,2
DA:200,0
DA:201,2
DA:202,0
DA:204,2
DA:205,2
DA:211,2
DA:212,2
DA:213,4
DA:226,1
DA:227,1
DA:254,2
DA:255,2
DA:256,0
DA:257,2
DA:258,0
DA:260,2
DA:261,2
DA:267,2
DA:268,2
DA:269,4
DA:274,6
DA:275,4
DA:276,0
DA:277,18
DA:282,0
DA:283,0
DA:288,0
DA:289,0
DA:298,4
DA:299,17
DA:300,5
DA:301,2
DA:302,4
DA:307,1
DA:308,1
DA:309,1
DA:312,3
DA:313,4
DA:314,12
DA:319,3
DA:320,3
DA:321,5
DA:328,2
DA:329,2
DA:330,2
DA:335,1
DA:336,1
DA:341,6
DA:342,6
DA:343,4
DA:345,1
DA:346,1
DA:347,4
DA:348,1
DA:350,1
DA:352,5
DA:353,2
DA:354,1
DA:356,0
DA:359,2
DA:367,0
DA:368,0
DA:371,1
DA:372,1
DA:373,1
DA:374,1
DA:375,1
DA:376,1
DA:383,1
DA:384,1
DA:385,1
DA:390,1
DA:391,1
DA:392,2
DA:393,1
DA:394,2
DA:395,1
DA:396,2
DA:397,1
DA:404,1
DA:405,1
DA:406,1
DA:407,1
DA:408,1
DA:413,1
DA:414,1
DA:415,1
DA:416,1
DA:417,1
DA:418,1
DA:419,1
DA:429,0
DA:430,0
DA:431,0
DA:432,0
DA:434,0
DA:435,0
DA:437,0
DA:438,0
DA:440,0
DA:441,0
LF:124
LH:96
end_of_record
TN:
SF:/home/chad/git/rv/src/dist/beta_binom.rs
FN:70,eq
FN:143,{closure#0}
FN:314,from
FN:324,ln_f
FN:354,supports
FN:362,cdf
FN:366,{closure#0}
FN:373,mean
FN:381,variance
FN:404,fmt
FNF:10
FNDA:1,eq
FNDA:6,{closure#0}
FNDA:0,from
FNDA:2,ln_f
FNDA:1,supports
FNDA:0,cdf
FNDA:0,{closure#0}
FNDA:1,mean
FNDA:1,variance
FNDA:0,fmt
DA:70,1
DA:71,1
DA:72,1
DA:73,1
DA:101,2
DA:106,2
DA:107,0
DA:108,2
DA:109,0
DA:110,3
DA:111,0
DA:112,3
DA:113,0
DA:114,6
DA:115,0
DA:117,3
DA:121,3
DA:129,0
DA:134,0
DA:140,2
DA:141,2
DA:142,0
DA:143,6
DA:156,0
DA:157,0
DA:170,1
DA:171,1
DA:199,0
DA:200,0
DA:201,0
DA:202,0
DA:203,0
DA:205,0
DA:206,0
DA:212,0
DA:213,0
DA:214,0
DA:227,1
DA:228,1
DA:255,0
DA:256,0
DA:257,0
DA:258,0
DA:259,0
DA:261,0
DA:262,0
DA:268,0
DA:269,0
DA:270,0
DA:297,0
DA:298,0
DA:299,0
DA:301,0
DA:302,0
DA:308,0
DA:309,0
DA:314,0
DA:315,0
DA:324,2
DA:325,4
DA:326,2
DA:327,6
DA:328,2
DA:329,2
DA:354,1
DA:355,1
DA:362,0
DA:366,0
DA:373,1
DA:374,2
DA:375,1
DA:376,1
DA:381,1
DA:382,2
DA:383,1
DA:384,1
DA:385,1
DA:386,1
DA:404,0
DA:405,0
DA:406,0
DA:407,0
DA:409,0
DA:410,0
DA:412,0
DA:413,0
DA:415,0
DA:416,0
DA:418,0
LF:89
LH:37
end_of_record
TN:
SF:/home/chad/git/rv/src/dist/binomial.rs
FN:238,from
FN:248,ln_f
FN:260,draw<rand::rngs::thread::ThreadRng>
FN:268,supports
FN:276,cdf
FN:277,{closure#0}
FN:284,skewness
FN:291,kurtosis
FN:299,mean
FN:305,variance
FN:324,fmt
FNF:11
FNDA:0,from
FNDA:1,ln_f
FNDA:2,draw<rand::rngs::thread::ThreadRng>
FNDA:2,supports
FNDA:1,cdf
FNDA:3,{closure#0}
FNDA:1,skewness
FNDA:1,kurtosis
FNDA:1,mean
FNDA:1,variance
FNDA:0,fmt
DA:75,1
DA:76,2
DA:77,1
DA:78,2
DA:79,1
DA:80,2
DA:81,1
DA:82,2
DA:83,0
DA:85,1
DA:92,1
DA:106,1
DA:107,1
DA:120,0
DA:121,0
DA:148,0
DA:149,0
DA:150,0
DA:152,0
DA:153,0
DA:159,0
DA:160,0
DA:173,0
DA:174,0
DA:203,0
DA:204,0
DA:205,0
DA:206,0
DA:207,0
DA:208,0
DA:209,0
DA:211,0
DA:212,0
DA:218,0
DA:219,0
DA:232,1
DA:233,1
DA:238,0
DA:239,0
DA:248,1
DA:249,1
DA:250,1
DA:252,2
DA:253,1
DA:254,1
DA:260,2
DA:261,4
DA:262,2
DA:268,2
DA:269,2
DA:276,1
DA:277,3
DA:284,1
DA:285,1
DA:286,1
DA:291,1
DA:292,1
DA:293,1
DA:294,1
DA:299,1
DA:300,1
DA:305,1
DA:306,1
DA:324,0
DA:325,0
DA:326,0
DA:327,0
DA:329,0
DA:330,0
DA:332,0
DA:333,0
LF:71
LH:38
end_of_record
TN:
SF:/home/chad/git/rv/src/dist/categorical.rs
FN:80,{closure#2}
FN:120,{closure#0}
FN:159,{closure#0}
FN:184,from
FN:193,ln_f<usize>
FN:245,entropy
FN:248,{closure#0}
FN:269,kl
FN:273,{closure#0}
FN:278,fmt
FNF:10
FNDA:9,{closure#2}
FNDA:2,{closure#0}
FNDA:3,{closure#0}
FNDA:0,from
FNDA:4,ln_f<usize>
FNDA:0,entropy
FNDA:0,{closure#0}
FNDA:1,kl
FNDA:2,{closure#0}
FNDA:0,fmt
DA:59,4
DA:60,2
DA:61,0
DA:64,10
DA:65,4
DA:66,0
DA:67,2
DA:68,0
DA:74,4
DA:78,8
DA:79,6
DA:80,9
DA:82,2
DA:110,1
DA:113,2
DA:114,0
DA:117,2
DA:120,2
DA:122,2
DA:123,1
DA:126,0
DA:134,2
DA:135,1
DA:136,1
DA:138,0
DA:145,1
DA:151,1
DA:152,1
DA:153,1
DA:158,1
DA:159,3
DA:172,2
DA:173,2
DA:178,1
DA:179,0
DA:184,0
DA:185,0
DA:186,0
DA:193,4
DA:194,4
DA:195,4
DA:200,1
DA:201,1
DA:202,1
DA:205,2
DA:206,4
DA:208,4
DA:214,2
DA:215,2
DA:216,2
DA:223,1
DA:224,1
DA:225,2
DA:227,1
DA:228,2
DA:233,2
DA:235,2
DA:236,5
DA:237,1
DA:239,2
DA:245,0
DA:246,0
DA:248,0
DA:255,0
DA:256,0
DA:259,1
DA:260,2
DA:262,1
DA:263,2
DA:269,1
DA:270,2
DA:272,1
DA:273,2
DA:278,0
DA:279,0
DA:280,0
DA:281,0
DA:283,0
DA:284,0
DA:286,0
DA:287,0
DA:289,0
DA:290,0
DA:292,0
DA:293,0
DA:295,0
LF:86
LH:58
end_of_record
TN:
SF:/home/chad/git/rv/src/dist/cauchy.rs
FN:180,default
FN:186,from
FN:196,ln_f
FN:208,draw<rand::rngs::thread::ThreadRng>
FN:213,sample<rand::rngs::thread::ThreadRng>
FN:215,{closure#0}<rand::rngs::thread::ThreadRng>
FN:220,supports
FN:228,cdf
FN:237,invcdf
FN:243,median
FN:249,mode
FN:257,entropy
FN:268,fmt
FNF:13
FNDA:1,default
FNDA:0,from
FNDA:1,ln_f
FNDA:1,draw<rand::rngs::thread::ThreadRng>
FNDA:1,sample<rand::rngs::thread::ThreadRng>
FNDA:3,{closure#0}<rand::rngs::thread::ThreadRng>
FNDA:1,supports
FNDA:1,cdf
FNDA:1,invcdf
FNDA:2,median
FNDA:0,mode
FNDA:1,entropy
FNDA:0,fmt
DA:54,1
DA:55,1
DA:56,0
DA:57,1
DA:58,0
DA:59,2
DA:60,0
DA:62,1
DA:68,1
DA:82,0
DA:83,0
DA:109,0
DA:110,0
DA:111,0
DA:112,0
DA:114,0
DA:120,0
DA:121,0
DA:134,0
DA:135,0
DA:161,0
DA:162,0
DA:163,0
DA:164,0
DA:165,0
DA:166,0
DA:168,0
DA:174,0
DA:175,0
DA:180,1
DA:181,1
DA:186,0
DA:187,0
DA:196,1
DA:197,1
DA:198,1
DA:199,2
DA:203,2
DA:208,1
DA:209,2
DA:210,1
DA:213,1
DA:214,2
DA:215,3
DA:220,1
DA:221,1
DA:228,1
DA:229,1
DA:230,1
DA:237,1
DA:238,1
DA:243,2
DA:244,2
DA:249,0
DA:250,0
DA:257,1
DA:258,1
DA:268,0
DA:269,0
DA:270,0
DA:271,0
DA:273,0
DA:274,0
DA:276,0
DA:277,0
LF:65
LH:30
end_of_record
TN:
SF:/home/chad/git/rv/src/dist/chi_squared.rs
FN:120,from
FN:130,ln_f
FN:145,sample<rand::rngs::thread::ThreadRng>
FN:147,{closure#0}<rand::rngs::thread::ThreadRng>
FN:152,supports
FN:160,mean
FN:166,mode
FN:172,variance
FN:178,cdf
FN:186,skewness
FN:192,kurtosis
FN:203,fmt
FNF:12
FNDA:0,from
FNDA:2,ln_f
FNDA:1,sample<rand::rngs::thread::ThreadRng>
FNDA:3,{closure#0}<rand::rngs::thread::ThreadRng>
FNDA:1,supports
FNDA:1,mean
FNDA:0,mode
FNDA:1,variance
FNDA:1,cdf
FNDA:1,skewness
FNDA:1,kurtosis
FNDA:0,fmt
DA:47,1
DA:48,5
DA:49,1
DA:50,2
DA:51,1
DA:53,3
DA:60,0
DA:74,0
DA:75,0
DA:102,0
DA:103,0
DA:104,0
DA:105,0
DA:106,0
DA:107,0
DA:109,0
DA:114,0
DA:115,0
DA:120,0
DA:121,0
DA:130,2
DA:131,2
DA:132,2
DA:134,4
DA:135,2
DA:145,1
DA:146,1
DA:147,3
DA:152,1
DA:153,1
DA:160,1
DA:161,1
DA:166,0
DA:167,0
DA:172,1
DA:173,1
DA:178,1
DA:179,1
DA:186,1
DA:187,1
DA:192,1
DA:193,1
DA:203,0
DA:204,0
DA:205,0
DA:206,0
DA:208,0
LF:47
LH:26
end_of_record
TN:
SF:/home/chad/git/rv/src/dist/crp.rs
FN:191,from
FN:199,ln_f
FN:203,{closure#0}
FN:242,supports
FN:250,fmt
FNF:5
FNDA:0,from
FNDA:1,ln_f
FNDA:2,{closure#0}
FNDA:0,supports
FNDA:0,fmt
DA:64,1
DA:65,1
DA:66,0
DA:67,1
DA:68,0
DA:69,3
DA:70,0
DA:72,2
DA:78,0
DA:92,0
DA:93,0
DA:121,0
DA:122,0
DA:123,0
DA:124,0
DA:125,0
DA:127,0
DA:128,0
DA:134,0
DA:135,0
DA:148,0
DA:149,0
DA:174,0
DA:175,0
DA:176,0
DA:178,0
DA:179,0
DA:185,0
DA:186,0
DA:191,0
DA:192,0
DA:199,1
DA:200,1
DA:203,2
DA:206,2
DA:207,1
DA:212,0
DA:213,0
DA:214,0
DA:215,0
DA:216,0
DA:218,0
DA:219,0
DA:220,0
DA:221,0
DA:223,0
DA:224,0
DA:225,0
DA:227,0
DA:228,0
DA:233,0
DA:234,0
DA:236,0
DA:242,0
DA:243,0
DA:250,0
DA:251,0
DA:252,0
DA:253,0
DA:255,0
DA:256,0
DA:258,0
LF:62
LH:10
end_of_record
TN:
SF:/home/chad/git/rv/src/dist/dirichlet/categorical_prior.rs
FN:10,ln_f
FN:50,ln_m_with_cache<u8>
FN:87,ln_f
FNF:3
FNDA:1,ln_f
FNDA:2,ln_m_with_cache<u8>
FNDA:0,ln_f
DA:10,1
DA:11,1
DA:16,1
DA:17,1
DA:18,2
DA:29,2
DA:31,0
DA:32,8
DA:33,6
DA:34,0
DA:35,12
DA:37,3
DA:43,2
DA:44,1
DA:45,2
DA:46,1
DA:47,2
DA:50,2
DA:55,1
DA:58,0
DA:59,5
DA:60,3
DA:62,3
DA:63,2
DA:64,0
DA:65,0
DA:66,5
DA:68,2
DA:74,1
DA:75,3
DA:76,10
DA:77,1
DA:80,1
DA:81,3
DA:82,1
DA:87,0
DA:88,0
DA:93,2
DA:94,2
DA:95,4
DA:104,0
DA:106,0
DA:107,0
DA:108,0
DA:109,0
DA:110,0
DA:111,0
DA:112,0
DA:113,0
DA:114,0
DA:116,0
DA:122,0
DA:123,0
DA:124,0
DA:125,0
DA:128,0
DA:129,0
DA:137,0
DA:139,0
DA:140,0
DA:141,0
DA:143,0
DA:144,0
DA:145,0
DA:146,0
DA:147,0
DA:148,0
DA:150,0
DA:156,0
DA:157,0
DA:158,0
DA:159,0
DA:162,0
DA:163,0
DA:164,0
LF:75
LH:33
end_of_record
TN:
SF:/home/chad/git/rv/src/dist/dirichlet.rs
FN:34,eq
FN:184,{closure#0}
FN:189,from
FN:207,ln_f
FN:213,{closure#0}
FN:244,from
FN:250,from
FN:262,{closure#0}
FN:361,from
FN:371,supports
FN:375,{closure#0}
FN:376,{closure#1}
FN:396,ln_f
FN:401,{closure#0}
FN:408,{closure#1}
FN:419,supports
FN:423,{closure#0}
FN:424,{closure#1}
FN:433,fmt
FN:447,fmt
FNF:20
FNDA:1,eq
FNDA:3,{closure#0}
FNDA:0,from
FNDA:1,ln_f
FNDA:4,{closure#0}
FNDA:0,from
FNDA:0,from
FNDA:4,{closure#0}
FNDA:0,from
FNDA:1,supports
FNDA:6,{closure#0}
FNDA:6,{closure#1}
FNDA:1,ln_f
FNDA:2,{closure#0}
FNDA:4,{closure#1}
FNDA:1,supports
FNDA:12,{closure#0}
FNDA:9,{closure#1}
FNDA:0,fmt
FNDA:0,fmt
DA:34,1
DA:35,1
DA:58,3
DA:59,3
DA:60,0
DA:61,3
DA:62,0
DA:63,6
DA:64,0
DA:66,3
DA:67,0
DA:68,0
DA:69,3
DA:77,0
DA:81,0
DA:95,1
DA:96,1
DA:97,0
DA:99,1
DA:100,0
DA:101,0
DA:102,1
DA:117,2
DA:118,1
DA:146,1
DA:150,1
DA:151,0
DA:152,2
DA:153,0
DA:155,1
DA:156,2
DA:157,1
DA:163,1
DA:164,1
DA:165,3
DA:178,2
DA:179,1
DA:183,1
DA:184,3
DA:189,0
DA:190,0
DA:197,2
DA:198,2
DA:199,6
DA:200,4
DA:201,6
DA:202,2
DA:207,1
DA:208,1
DA:209,1
DA:210,1
DA:212,1
DA:213,4
DA:215,1
DA:244,0
DA:245,0
DA:250,0
DA:251,0
DA:257,1
DA:258,2
DA:259,0
DA:262,4
DA:263,1
DA:264,0
DA:265,1
DA:266,0
DA:268,1
DA:272,1
DA:278,3
DA:303,1
DA:304,1
DA:305,0
DA:306,1
DA:307,0
DA:308,6
DA:309,0
DA:311,4
DA:312,3
DA:339,1
DA:340,1
DA:341,0
DA:343,2
DA:349,0
DA:350,0
DA:355,1
DA:356,0
DA:361,0
DA:362,0
DA:371,1
DA:372,2
DA:373,0
DA:375,6
DA:376,6
DA:382,2
DA:383,2
DA:384,0
DA:386,6
DA:388,9
DA:389,5
DA:390,8
DA:391,2
DA:396,1
DA:398,1
DA:401,2
DA:403,1
DA:405,6
DA:407,1
DA:408,4
DA:409,1
DA:412,3
DA:419,1
DA:420,6
DA:421,1
DA:423,12
DA:424,9
DA:433,0
DA:434,0
DA:435,0
DA:436,0
DA:438,0
DA:439,0
DA:441,0
DA:447,0
DA:448,0
DA:449,0
DA:450,0
DA:451,0
DA:452,0
DA:454,0
DA:455,0
LF:130
LH:83
end_of_record
TN:
SF:/home/chad/git/rv/src/dist/discrete_uniform.rs
FN:237,fmt
FNF:1
FNDA:0,fmt
DA:40,4
DA:41,5
DA:42,4
DA:44,1
DA:51,0
DA:65,0
DA:66,0
DA:79,0
DA:80,0
DA:88,0
DA:89,0
DA:97,0
DA:98,0
DA:107,2
DA:108,4
DA:109,2
DA:111,0
DA:121,0
DA:122,0
DA:123,0
DA:126,1
DA:127,1
DA:128,2
DA:137,1
DA:138,3
DA:153,1
DA:154,1
DA:155,1
DA:163,1
DA:164,1
DA:165,1
DA:173,1
DA:174,1
DA:175,1
DA:183,1
DA:184,2
DA:185,1
DA:186,0
DA:187,1
DA:196,3
DA:197,7
DA:198,0
DA:199,10
DA:200,2
DA:202,6
DA:203,6
DA:204,6
DA:206,3
DA:216,1
DA:217,2
DA:218,2
DA:223,0
DA:224,0
DA:229,0
DA:230,0
DA:237,0
DA:240,0
LF:57
LH:36
end_of_record
TN:
SF:/home/chad/git/rv/src/dist/distribution.rs
FNF:0
DA:129,0
DA:130,0
DA:131,0
DA:132,0
DA:133,0
DA:134,0
DA:135,0
DA:136,0
DA:137,0
DA:138,0
DA:139,0
DA:140,0
DA:141,0
DA:142,0
DA:143,0
DA:144,0
DA:145,0
DA:146,0
DA:147,0
DA:148,0
DA:149,0
DA:150,0
DA:151,0
DA:153,0
DA:154,0
DA:155,0
DA:156,0
DA:157,0
DA:158,0
DA:159,0
DA:160,0
DA:161,0
DA:162,0
DA:164,0
DA:168,0
DA:169,0
DA:170,0
DA:171,0
DA:172,0
DA:173,0
DA:174,0
DA:175,0
DA:176,0
DA:177,0
DA:178,0
DA:179,0
DA:180,0
DA:181,0
DA:182,0
DA:183,0
DA:184,0
DA:185,0
DA:186,0
DA:187,0
DA:188,0
DA:189,0
DA:190,0
DA:192,0
DA:193,0
DA:194,0
DA:195,0
DA:196,0
DA:197,0
DA:198,0
DA:199,0
DA:200,0
DA:201,0
DA:203,0
DA:211,0
DA:212,0
DA:213,0
DA:214,0
DA:215,0
DA:216,0
DA:217,0
DA:218,0
DA:219,0
DA:220,0
DA:221,0
DA:222,0
DA:223,0
DA:224,0
DA:225,0
DA:226,0
DA:227,0
DA:228,0
DA:229,0
DA:230,0
DA:231,0
DA:232,0
DA:234,0
DA:235,0
DA:236,0
DA:237,0
DA:238,0
DA:239,0
DA:240,0
DA:242,0
DA:243,0
DA:244,0
DA:245,0
DA:247,0
DA:276,0
DA:277,0
DA:278,0
DA:280,0
DA:281,0
DA:282,0
DA:283,0
DA:284,0
DA:285,0
DA:290,0
DA:291,0
LF:113
LH:0
end_of_record
TN:
SF:/home/chad/git/rv/src/dist/empirical.rs
FN:106,{closure#0}
FN:125,f
FN:148,ln_f
FN:162,cdf
FN:169,mean
FN:176,variance
FN:179,{closure#0}
FNF:7
FNDA:2,{closure#0}
FNDA:0,f
FNDA:0,ln_f
FNDA:0,cdf
FNDA:0,mean
FNDA:0,variance
FNDA:0,{closure#0}
DA:49,1
DA:50,5
DA:51,1
DA:52,1
DA:55,1
DA:59,1
DA:60,2
DA:61,1
DA:62,1
DA:63,1
DA:65,2
DA:66,4
DA:72,1
DA:73,1
DA:74,1
DA:75,1
DA:76,1
DA:77,1
DA:82,1
DA:83,2
DA:85,3
DA:86,1
DA:87,1
DA:93,1
DA:94,1
DA:95,2
DA:96,4
DA:97,1
DA:101,1
DA:102,1
DA:103,3
DA:105,1
DA:106,2
DA:109,1
DA:110,4
DA:111,2
DA:112,1
DA:113,1
DA:115,1
DA:119,0
DA:120,0
DA:125,0
DA:126,0
DA:127,0
DA:128,0
DA:129,0
DA:130,0
DA:131,0
DA:132,0
DA:133,0
DA:134,0
DA:135,0
DA:136,0
DA:138,0
DA:139,0
DA:140,0
DA:141,0
DA:142,0
DA:143,0
DA:148,0
DA:149,0
DA:154,1
DA:155,1
DA:156,1
DA:157,1
DA:162,0
DA:163,0
DA:164,0
DA:169,0
DA:170,0
DA:171,0
DA:176,0
DA:177,0
DA:178,0
DA:179,0
LF:75
LH:43
end_of_record
TN:
SF:/home/chad/git/rv/src/dist/exponential.rs
FN:126,from
FN:136,ln_f
FN:152,sample<rand::rngs::thread::ThreadRng>
FN:154,{closure#0}<rand::rngs::thread::ThreadRng>
FN:159,supports
FN:167,cdf
FN:173,invcdf
FN:180,mean
FN:186,median
FN:192,mode
FN:198,variance
FN:207,skewness
FN:213,kurtosis
FN:219,entropy
FN:225,kl
FN:236,fmt
FNF:16
FNDA:0,from
FNDA:1,ln_f
FNDA:1,sample<rand::rngs::thread::ThreadRng>
FNDA:3,{closure#0}<rand::rngs::thread::ThreadRng>
FNDA:1,supports
FNDA:1,cdf
FNDA:1,invcdf
FNDA:1,mean
FNDA:1,median
FNDA:1,mode
FNDA:1,variance
FNDA:1,skewness
FNDA:1,kurtosis
FNDA:1,entropy
FNDA:0,kl
FNDA:0,fmt
DA:50,5
DA:51,6
DA:52,1
DA:53,6
DA:54,1
DA:56,6
DA:63,1
DA:77,0
DA:78,0
DA:107,0
DA:108,0
DA:109,0
DA:110,0
DA:111,0
DA:113,0
DA:114,0
DA:120,0
DA:121,0
DA:126,0
DA:127,0
DA:136,1
DA:138,1
DA:139,1
DA:141,1
DA:152,1
DA:153,2
DA:154,3
DA:159,1
DA:160,1
DA:167,1
DA:168,1
DA:173,1
DA:174,1
DA:175,0
DA:180,1
DA:181,1
DA:186,1
DA:187,1
DA:192,1
DA:193,1
DA:198,1
DA:199,1
DA:200,1
DA:207,1
DA:208,1
DA:213,1
DA:214,1
DA:219,1
DA:220,1
DA:225,0
DA:226,0
DA:236,0
DA:237,0
DA:238,0
DA:239,0
DA:241,0
DA:242,0
LF:57
LH:35
end_of_record
TN:
SF:/home/chad/git/rv/src/dist/gamma/poisson_prior.rs
FN:13,ln_f
FN:35,supports
FN:52,posterior
FN:70,ln_m_cache
FN:77,ln_m_with_cache
FN:85,{closure#0}
FN:103,ln_pp_cache
FN:113,ln_pp_with_cache
FNF:8
FNDA:0,ln_f
FNDA:0,supports
FNDA:1,posterior
FNDA:1,ln_m_cache
FNDA:2,ln_m_with_cache
FNDA:1,{closure#0}
FNDA:2,ln_pp_cache
FNDA:2,ln_pp_with_cache
DA:13,0
DA:14,0
DA:15,0
DA:16,0
DA:22,2
DA:23,2
DA:24,2
DA:25,2
DA:26,0
DA:27,0
DA:29,0
DA:35,0
DA:36,0
DA:37,0
DA:38,0
DA:52,1
DA:53,4
DA:54,1
DA:55,1
DA:56,4
DA:57,1
DA:59,1
DA:60,1
DA:64,3
DA:65,3
DA:66,2
DA:70,1
DA:71,3
DA:73,1
DA:77,2
DA:82,2
DA:83,1
DA:84,1
DA:85,1
DA:86,1
DA:88,1
DA:92,1
DA:93,1
DA:95,4
DA:97,2
DA:99,2
DA:103,2
DA:107,2
DA:108,4
DA:109,2
DA:110,2
DA:113,2
DA:118,2
DA:119,4
DA:120,2
DA:121,2
LF:51
LH:40
end_of_record
TN:
SF:/home/chad/git/rv/src/dist/gamma.rs
FN:41,eq
FN:90,{closure#0}
FN:96,{closure#0}
FN:217,default
FN:223,from
FN:233,ln_f
FN:243,draw<&mut &mut rand::rngs::thread::ThreadRng>
FN:249,sample<rand::rngs::thread::ThreadRng>
FN:252,{closure#0}<rand::rngs::thread::ThreadRng>
FN:259,supports
FN:265,cdf
FN:271,mean
FN:277,mode
FN:290,variance
FN:296,entropy
FN:304,skewness
FN:310,kurtosis
FN:321,fmt
FNF:18
FNDA:1,eq
FNDA:5,{closure#0}
FNDA:5,{closure#0}
FNDA:1,default
FNDA:0,from
FNDA:3,ln_f
FNDA:3,draw<&mut &mut rand::rngs::thread::ThreadRng>
FNDA:1,sample<rand::rngs::thread::ThreadRng>
FNDA:3,{closure#0}<rand::rngs::thread::ThreadRng>
FNDA:3,supports
FNDA:2,cdf
FNDA:1,mean
FNDA:2,mode
FNDA:1,variance
FNDA:1,entropy
FNDA:1,skewness
FNDA:1,kurtosis
FNDA:0,fmt
DA:41,1
DA:42,1
DA:62,3
DA:63,3
DA:64,0
DA:65,3
DA:66,0
DA:67,3
DA:68,0
DA:69,6
DA:70,0
DA:72,3
DA:78,3
DA:82,3
DA:83,3
DA:89,1
DA:90,5
DA:95,2
DA:96,5
DA:109,1
DA:110,1
DA:139,0
DA:140,0
DA:141,0
DA:142,0
DA:143,0
DA:145,0
DA:146,0
DA:152,0
DA:153,0
DA:154,0
DA:167,1
DA:168,3
DA:197,0
DA:198,0
DA:199,0
DA:200,0
DA:201,0
DA:203,0
DA:204,0
DA:210,0
DA:211,0
DA:212,0
DA:217,1
DA:218,1
DA:223,0
DA:224,0
DA:233,3
DA:234,7
DA:235,6
DA:236,3
DA:237,3
DA:243,3
DA:244,3
DA:246,3
DA:249,1
DA:250,1
DA:252,3
DA:259,3
DA:260,3
DA:265,2
DA:266,3
DA:271,1
DA:272,1
DA:277,2
DA:278,3
DA:279,2
DA:280,2
DA:282,1
DA:290,1
DA:291,1
DA:296,1
DA:297,2
DA:298,2
DA:299,1
DA:304,1
DA:305,1
DA:310,1
DA:311,1
DA:321,0
DA:322,0
DA:323,0
DA:324,0
DA:326,0
DA:327,0
DA:329,0
DA:330,0
DA:332,0
DA:333,0
LF:89
LH:53
end_of_record
TN:
SF:/home/chad/git/rv/src/dist/gaussian.rs
FN:54,eq
FN:239,{closure#0}
FN:244,default
FN:250,from
FN:260,ln_f
FN:267,draw<&mut &mut rand::rngs::thread::ThreadRng>
FN:272,sample<rand::rngs::thread::ThreadRng>
FN:274,{closure#0}<rand_xoshiro::xoshiro256plus::Xoshiro256Plus>
FN:281,supports
FN:287,cdf
FN:295,invcdf
FN:305,mean
FN:311,median
FN:317,mode
FN:325,empty_suffstat
FN:329,ln_f_stat
FN:345,variance
FN:351,entropy
FN:357,skewness
FN:363,kurtosis
FN:370,kl
FN:385,quad_bounds
FN:396,fmt
FNF:23
FNDA:1,eq
FNDA:6,{closure#0}
FNDA:0,default
FNDA:0,from
FNDA:3,ln_f
FNDA:5,draw<&mut &mut rand::rngs::thread::ThreadRng>
FNDA:1,sample<rand::rngs::thread::ThreadRng>
FNDA:3,{closure#0}<rand_xoshiro::xoshiro256plus::Xoshiro256Plus>
FNDA:2,supports
FNDA:3,cdf
FNDA:2,invcdf
FNDA:2,mean
FNDA:1,median
FNDA:2,mode
FNDA:0,empty_suffstat
FNDA:1,ln_f_stat
FNDA:2,variance
FNDA:1,entropy
FNDA:1,skewness
FNDA:0,kurtosis
FNDA:1,kl
FNDA:5,quad_bounds
FNDA:0,fmt
DA:54,1
DA:55,1
DA:77,2
DA:78,1
DA:79,0
DA:80,1
DA:81,0
DA:82,2
DA:83,0
DA:85,1
DA:88,1
DA:96,2
DA:100,2
DA:115,3
DA:119,3
DA:134,1
DA:135,1
DA:162,1
DA:163,1
DA:164,0
DA:166,1
DA:167,1
DA:173,1
DA:174,1
DA:188,1
DA:189,1
DA:218,1
DA:219,1
DA:220,0
DA:221,1
DA:222,0
DA:224,1
DA:225,1
DA:231,1
DA:232,1
DA:233,2
DA:238,2
DA:239,6
DA:244,0
DA:245,0
DA:250,0
DA:251,0
DA:260,3
DA:261,4
DA:262,4
DA:267,5
DA:268,10
DA:269,5
DA:272,1
DA:273,2
DA:274,3
DA:281,2
DA:282,2
DA:287,3
DA:289,4
DA:290,2
DA:295,2
DA:296,2
DA:298,5
DA:299,2
DA:300,0
DA:305,2
DA:306,2
DA:311,1
DA:312,1
DA:317,2
DA:318,2
DA:325,0
DA:326,0
DA:329,1
DA:332,1
DA:333,1
DA:334,2
DA:335,2
DA:337,1
DA:338,1
DA:345,2
DA:346,2
DA:351,1
DA:352,1
DA:357,1
DA:358,1
DA:363,0
DA:364,0
DA:370,1
DA:371,1
DA:372,1
DA:374,1
DA:375,1
DA:377,1
DA:378,1
DA:380,1
DA:385,5
DA:386,5
DA:396,0
DA:397,0
DA:398,0
DA:399,0
DA:400,0
DA:402,0
DA:403,0
LF:101
LH:79
end_of_record
TN:
SF:/home/chad/git/rv/src/dist/geometric.rs
FN:55,eq
FN:146,{closure#0}
FN:151,{closure#0}
FN:190,default
FN:200,from
FN:259,mean
FN:265,variance
FN:271,skewness
FN:277,kurtosis
FN:283,entropy
FN:293,fmt
FNF:11
FNDA:1,eq
FNDA:9,{closure#0}
FNDA:8,{closure#0}
FNDA:1,default
FNDA:0,from
FNDA:1,mean
FNDA:1,variance
FNDA:1,skewness
FNDA:1,kurtosis
FNDA:0,entropy
FNDA:0,fmt
DA:55,1
DA:56,1
DA:63,2
DA:64,2
DA:65,1
DA:66,3
DA:67,1
DA:68,14
DA:69,1
DA:71,2
DA:72,0
DA:73,2
DA:74,6
DA:82,0
DA:85,0
DA:86,0
DA:92,0
DA:93,0
DA:123,1
DA:124,1
DA:125,0
DA:126,1
DA:127,0
DA:128,2
DA:129,0
DA:131,1
DA:132,1
DA:138,1
DA:139,1
DA:140,1
DA:141,1
DA:145,2
DA:146,9
DA:150,2
DA:151,8
DA:156,1
DA:161,2
DA:162,1
DA:163,0
DA:168,1
DA:173,1
DA:174,1
DA:176,1
DA:177,1
DA:178,1
DA:180,2
DA:181,1
DA:182,1
DA:183,1
DA:185,1
DA:190,1
DA:193,1
DA:194,1
DA:200,0
DA:201,0
DA:211,4
DA:212,7
DA:213,3
DA:222,2
DA:225,2
DA:226,1
DA:228,1
DA:238,2
DA:239,1
DA:252,1
DA:253,2
DA:254,1
DA:259,1
DA:260,1
DA:265,1
DA:266,1
DA:271,1
DA:272,1
DA:277,1
DA:278,1
DA:283,0
DA:284,0
DA:285,0
DA:293,0
DA:294,0
DA:295,0
DA:296,0
DA:298,0
DA:299,0
DA:301,0
LF:85
LH:63
end_of_record
TN:
SF:/home/chad/git/rv/src/dist/gev.rs
FN:238,t
FN:247,from
FN:257,ln_f
FN:265,draw<&mut rand::rngs::thread::ThreadRng>
FN:283,supports
FN:297,cdf
FN:303,mean
FN:320,mode
FN:336,median
FN:352,variance
FN:369,entropy
FN:382,fmt
FNF:12
FNDA:1,t
FNDA:0,from
FNDA:2,ln_f
FNDA:1,draw<&mut rand::rngs::thread::ThreadRng>
FNDA:0,supports
FNDA:1,cdf
FNDA:0,mean
FNDA:1,mode
FNDA:1,median
FNDA:1,variance
FNDA:1,entropy
FNDA:0,fmt
DA:51,1
DA:52,1
DA:53,0
DA:54,1
DA:55,0
DA:56,2
DA:57,0
DA:58,9
DA:59,0
DA:61,5
DA:67,0
DA:82,0
DA:83,0
DA:110,0
DA:111,0
DA:112,0
DA:114,0
DA:115,0
DA:121,0
DA:122,0
DA:136,0
DA:137,0
DA:164,0
DA:165,0
DA:166,0
DA:168,0
DA:169,0
DA:175,0
DA:176,0
DA:190,0
DA:191,0
DA:220,0
DA:221,0
DA:222,0
DA:223,0
DA:224,0
DA:226,0
DA:227,0
DA:233,0
DA:234,0
DA:238,1
DA:239,1
DA:240,1
DA:242,2
DA:247,0
DA:248,0
DA:257,2
DA:259,1
DA:260,2
DA:265,1
DA:266,2
DA:267,1
DA:268,2
DA:269,3
DA:270,1
DA:272,4
DA:273,2
DA:283,0
DA:284,0
DA:285,0
DA:286,0
DA:287,0
DA:288,0
DA:290,0
DA:291,0
DA:297,1
DA:298,1
DA:303,0
DA:304,0
DA:305,0
DA:307,0
DA:308,0
DA:310,0
DA:311,0
DA:312,0
DA:320,1
DA:321,2
DA:322,1
DA:324,1
DA:325,2
DA:326,2
DA:327,1
DA:336,1
DA:337,2
DA:338,1
DA:340,1
DA:341,2
DA:342,1
DA:352,1
DA:353,2
DA:354,1
DA:355,2
DA:356,1
DA:358,1
DA:359,1
DA:361,2
DA:362,1
DA:369,1
DA:370,1
DA:382,0
DA:383,0
DA:384,0
DA:385,0
DA:386,0
DA:388,0
DA:389,0
DA:391,0
DA:392,0
LF:108
LH:47
end_of_record
TN:
SF:/home/chad/git/rv/src/dist/inv_chi_squared.rs
FN:36,eq
FN:138,{closure#0}
FN:146,from
FN:156,ln_f
FN:164,draw<&mut rand::rngs::thread::ThreadRng>
FN:172,supports
FN:180,mean
FN:190,mode
FN:196,variance
FN:208,cdf
FN:217,skewness
FN:228,kurtosis
FN:244,fmt
FNF:13
FNDA:1,eq
FNDA:3,{closure#0}
FNDA:0,from
FNDA:2,ln_f
FNDA:1,draw<&mut rand::rngs::thread::ThreadRng>
FNDA:0,supports
FNDA:1,mean
FNDA:0,mode
FNDA:1,variance
FNDA:1,cdf
FNDA:1,skewness
FNDA:1,kurtosis
FNDA:0,fmt
DA:36,1
DA:37,1
DA:57,1
DA:58,2
DA:59,1
DA:60,2
DA:61,1
DA:63,2
DA:64,0
DA:65,2
DA:73,0
DA:76,11
DA:90,0
DA:91,0
DA:118,0
DA:119,0
DA:120,0
DA:121,0
DA:122,0
DA:123,0
DA:125,0
DA:130,0
DA:131,0
DA:132,0
DA:137,2
DA:138,3
DA:139,2
DA:140,2
DA:146,0
DA:147,0
DA:156,2
DA:157,1
DA:158,1
DA:159,1
DA:164,1
DA:165,1
DA:166,1
DA:167,1
DA:172,0
DA:173,0
DA:180,1
DA:181,2
DA:182,1
DA:184,1
DA:190,0
DA:191,0
DA:196,1
DA:197,2
DA:199,1
DA:200,1
DA:202,1
DA:208,1
DA:209,1
DA:210,1
DA:217,1
DA:218,1
DA:219,1
DA:220,1
DA:222,0
DA:228,1
DA:229,1
DA:230,1
DA:231,1
DA:233,0
DA:244,0
DA:245,0
DA:246,0
DA:247,0
DA:249,0
LF:69
LH:42
end_of_record
TN:
SF:/home/chad/git/rv/src/dist/invgamma.rs
FN:189,default
FN:198,from
FN:208,ln_f
FN:220,draw<&mut &mut rand::rngs::thread::ThreadRng>
FN:226,sample<rand::rngs::thread::ThreadRng>
FN:229,{closure#0}<rand::rngs::thread::ThreadRng>
FN:236,supports
FN:242,cdf
FN:248,mean
FN:258,mode
FN:266,empty_suffstat
FN:270,ln_f_stat
FN:284,variance
FN:297,entropy
FN:306,skewness
FN:316,kurtosis
FN:333,fmt
FNF:17
FNDA:1,default
FNDA:0,from
FNDA:2,ln_f
FNDA:6,draw<&mut &mut rand::rngs::thread::ThreadRng>
FNDA:1,sample<rand::rngs::thread::ThreadRng>
FNDA:3,{closure#0}<rand::rngs::thread::ThreadRng>
FNDA:4,supports
FNDA:1,cdf
FNDA:1,mean
FNDA:1,mode
FNDA:0,empty_suffstat
FNDA:1,ln_f_stat
FNDA:2,variance
FNDA:0,entropy
FNDA:2,skewness
FNDA:1,kurtosis
FNDA:0,fmt
DA:52,1
DA:53,1
DA:54,0
DA:55,1
DA:56,0
DA:57,1
DA:58,0
DA:59,2
DA:60,0
DA:62,2
DA:69,1
DA:83,0
DA:84,0
DA:113,0
DA:114,0
DA:115,0
DA:116,0
DA:117,0
DA:119,0
DA:120,0
DA:126,0
DA:127,0
DA:140,0
DA:141,0
DA:170,0
DA:171,0
DA:172,0
DA:173,0
DA:174,0
DA:176,0
DA:177,0
DA:183,0
DA:184,0
DA:189,1
DA:198,0
DA:199,0
DA:208,2
DA:210,2
DA:211,11
DA:212,4
DA:213,2
DA:214,5
DA:215,1
DA:220,6
DA:221,6
DA:223,6
DA:226,1
DA:227,1
DA:229,3
DA:236,4
DA:237,3
DA:242,1
DA:243,1
DA:248,1
DA:249,2
DA:250,1
DA:252,1
DA:258,1
DA:259,1
DA:266,0
DA:267,0
DA:270,1
DA:271,1
DA:272,1
DA:273,1
DA:274,1
DA:275,1
DA:276,1
DA:277,1
DA:284,2
DA:285,3
DA:286,2
DA:287,2
DA:289,2
DA:291,1
DA:297,0
DA:298,0
DA:299,0
DA:300,0
DA:306,2
DA:307,3
DA:308,2
DA:310,1
DA:316,1
DA:317,2
DA:318,4
DA:319,2
DA:320,2
DA:322,1
DA:333,0
DA:334,0
DA:335,0
DA:336,0
DA:338,0
DA:339,0
DA:341,0
DA:342,0
DA:344,0
DA:345,0
LF:99
LH:55
end_of_record
TN:
SF:/home/chad/git/rv/src/dist/invgaussian.rs
FN:32,eq
FN:229,{closure#0}
FN:234,from
FN:244,ln_f
FN:256,draw<rand::rngs::thread::ThreadRng>
FN:282,supports
FN:288,cdf
FN:301,mean
FN:307,mode
FN:319,empty_suffstat
FN:323,ln_f_stat
FN:340,variance
FN:346,skewness
FN:352,kurtosis
FN:363,fmt
FNF:15
FNDA:0,eq
FNDA:6,{closure#0}
FNDA:0,from
FNDA:1,ln_f
FNDA:2,draw<rand::rngs::thread::ThreadRng>
FNDA:1,supports
FNDA:1,cdf
FNDA:0,mean
FNDA:1,mode
FNDA:0,empty_suffstat
FNDA:1,ln_f_stat
FNDA:0,variance
FNDA:0,skewness
FNDA:0,kurtosis
FNDA:0,fmt
DA:32,0
DA:33,0
DA:75,2
DA:76,3
DA:77,0
DA:78,3
DA:79,0
DA:80,3
DA:81,0
DA:82,6
DA:83,0
DA:85,3
DA:88,3
DA:96,0
DA:100,0
DA:115,0
DA:116,0
DA:145,0
DA:146,0
DA:147,0
DA:148,0
DA:149,0
DA:151,0
DA:152,0
DA:158,0
DA:159,0
DA:173,1
DA:174,1
DA:203,0
DA:204,0
DA:205,0
DA:206,0
DA:207,0
DA:209,0
DA:210,0
DA:216,0
DA:217,0
DA:218,0
DA:223,2
DA:224,2
DA:228,1
DA:229,6
DA:234,0
DA:235,0
DA:244,1
DA:245,1
DA:246,1
DA:247,1
DA:248,2
DA:249,2
DA:250,2
DA:256,2
DA:257,2
DA:258,4
DA:259,2
DA:260,2
DA:261,2
DA:262,2
DA:263,4
DA:264,2
DA:265,2
DA:269,2
DA:271,4
DA:272,2
DA:274,2
DA:282,1
DA:283,1
DA:288,1
DA:289,1
DA:290,1
DA:291,1
DA:292,2
DA:293,1
DA:294,1
DA:295,3
DA:297,1
DA:301,0
DA:302,0
DA:307,1
DA:308,1
DA:309,1
DA:310,1
DA:311,1
DA:312,1
DA:319,0
DA:320,0
DA:323,1
DA:324,1
DA:325,1
DA:326,1
DA:327,1
DA:328,1
DA:330,1
DA:331,1
DA:332,1
DA:333,1
DA:340,0
DA:341,0
DA:346,0
DA:347,0
DA:352,0
DA:353,0
DA:363,0
DA:364,0
DA:365,0
DA:366,0
DA:367,0
DA:369,0
DA:370,0
DA:372,0
DA:373,0
LF:111
LH:61
end_of_record
TN:
SF:/home/chad/git/rv/src/dist/ks.rs
FN:264,from
FN:274,ln_f
FN:280,draw<&mut rand_xoshiro::xoshiro256plus::Xoshiro256Plus>
FN:287,supports
FN:295,cdf
FN:301,invcdf
FNF:6
FNDA:0,from
FNDA:1,ln_f
FNDA:1,draw<&mut rand_xoshiro::xoshiro256plus::Xoshiro256Plus>
FNDA:0,supports
FNDA:1,cdf
FNDA:1,invcdf
DA:17,1
DA:18,1
DA:19,1
DA:57,0
DA:62,1
DA:63,1
DA:65,6
DA:71,1
DA:72,1
DA:74,1
DA:75,1
DA:76,1
DA:78,3
DA:79,0
DA:80,0
DA:82,2
DA:83,2
DA:85,2
DA:86,2
DA:88,2
DA:89,2
DA:91,2
DA:92,2
DA:94,2
DA:95,2
DA:96,2
DA:100,2
DA:101,2
DA:104,2
DA:105,2
DA:111,3
DA:112,3
DA:117,3
DA:118,3
DA:121,3
DA:122,3
DA:123,3
DA:125,3
DA:126,3
DA:127,3
DA:129,3
DA:130,3
DA:131,3
DA:133,3
DA:134,3
DA:135,3
DA:136,3
DA:137,3
DA:146,1
DA:147,1
DA:148,1
DA:150,0
DA:151,2
DA:152,1
DA:153,2
DA:154,0
DA:160,2
DA:161,1
DA:162,1
DA:164,1
DA:165,1
DA:167,1
DA:168,1
DA:169,1
DA:170,1
DA:171,1
DA:173,1
DA:174,1
DA:175,1
DA:177,1
DA:178,1
DA:181,1
DA:182,1
DA:184,1
DA:185,1
DA:187,1
DA:188,1
DA:189,1
DA:191,1
DA:192,1
DA:193,1
DA:194,1
DA:195,1
DA:204,1
DA:206,1
DA:207,2
DA:208,0
DA:211,1
DA:213,1
DA:214,1
DA:215,1
DA:216,2
DA:217,1
DA:219,1
DA:222,1
DA:226,2
DA:227,1
DA:228,3
DA:229,1
DA:232,1
DA:233,2
DA:234,0
DA:236,1
DA:237,1
DA:240,2
DA:241,1
DA:243,1
DA:245,0
DA:246,0
DA:251,0
DA:252,0
DA:258,1
DA:264,0
DA:265,0
DA:274,1
DA:275,1
DA:280,1
DA:281,1
DA:282,1
DA:287,0
DA:288,0
DA:295,1
DA:296,1
DA:301,1
DA:302,1
LF:125
LH:110
end_of_record
TN:
SF:/home/chad/git/rv/src/dist/kumaraswamy.rs
FN:58,eq
FN:78,default
FN:84,from
FN:324,{closure#0}
FN:329,invcdf
FN:336,ln_f
FN:348,draw<&mut rand::rngs::thread::ThreadRng>
FN:355,supports
FN:363,cdf
FN:369,invcdf
FN:375,mean
FN:384,median
FN:392,mode
FN:413,entropy
FN:424,fmt
FNF:15
FNDA:1,eq
FNDA:1,default
FNDA:0,from
FNDA:3,{closure#0}
FNDA:1,invcdf
FNDA:1,ln_f
FNDA:2,draw<&mut rand::rngs::thread::ThreadRng>
FNDA:2,supports
FNDA:1,cdf
FNDA:0,invcdf
FNDA:1,mean
FNDA:1,median
FNDA:2,mode
FNDA:1,entropy
FNDA:0,fmt
DA:58,1
DA:59,1
DA:78,1
DA:79,1
DA:84,0
DA:85,0
DA:107,3
DA:108,3
DA:109,0
DA:110,3
DA:111,0
DA:112,3
DA:113,0
DA:114,7
DA:115,0
DA:117,4
DA:118,0
DA:119,0
DA:120,3
DA:128,0
DA:132,0
DA:146,2
DA:150,2
DA:194,1
DA:195,1
DA:196,0
DA:197,1
DA:198,0
DA:200,2
DA:201,2
DA:202,0
DA:203,0
DA:204,2
DA:219,0
DA:220,0
DA:233,0
DA:234,0
DA:261,1
DA:262,1
DA:263,0
DA:264,1
DA:265,0
DA:267,1
DA:268,1
DA:274,1
DA:275,1
DA:276,2
DA:303,1
DA:304,1
DA:305,0
DA:306,1
DA:307,0
DA:309,1
DA:310,1
DA:316,1
DA:317,1
DA:318,2
DA:323,1
DA:324,3
DA:329,1
DA:330,1
DA:336,1
DA:337,1
DA:338,1
DA:339,1
DA:340,3
DA:341,1
DA:342,1
DA:348,2
DA:349,2
DA:350,2
DA:355,2
DA:356,2
DA:363,1
DA:364,1
DA:369,0
DA:370,0
DA:375,1
DA:376,1
DA:377,1
DA:378,1
DA:379,1
DA:384,1
DA:386,1
DA:387,1
DA:392,2
DA:393,3
DA:394,1
DA:395,1
DA:396,1
DA:398,1
DA:400,0
DA:401,0
DA:402,0
DA:413,1
DA:416,1
DA:417,1
DA:424,0
DA:425,0
DA:426,0
DA:427,0
DA:429,0
DA:430,0
DA:431,0
DA:433,0
LF:105
LH:70
end_of_record
TN:
SF:/home/chad/git/rv/src/dist/laplace.rs
FN:179,default
FN:185,from
FN:201,ln_f
FN:208,draw<&mut rand::rngs::thread::ThreadRng>
FN:215,supports
FN:223,cdf
FN:234,mean
FN:240,median
FN:246,mode
FN:252,variance
FN:260,skewness
FN:266,kurtosis
FN:272,entropy
FN:283,fmt
FNF:14
FNDA:1,default
FNDA:0,from
FNDA:1,ln_f
FNDA:1,draw<&mut rand::rngs::thread::ThreadRng>
FNDA:1,supports
FNDA:1,cdf
FNDA:1,mean
FNDA:1,median
FNDA:1,mode
FNDA:1,variance
FNDA:1,skewness
FNDA:1,kurtosis
FNDA:1,entropy
FNDA:0,fmt
DA:50,1
DA:51,2
DA:52,1
DA:53,2
DA:54,1
DA:55,7
DA:56,1
DA:58,1
DA:65,1
DA:79,0
DA:80,0
DA:106,0
DA:107,0
DA:108,0
DA:109,0
DA:111,0
DA:117,0
DA:118,0
DA:131,0
DA:132,0
DA:159,0
DA:160,0
DA:161,0
DA:162,0
DA:163,0
DA:165,0
DA:166,0
DA:172,0
DA:173,0
DA:179,1
DA:180,1
DA:185,0
DA:186,0
DA:193,1
DA:194,1
DA:195,1
DA:201,1
DA:203,1
DA:208,1
DA:209,1
DA:210,1
DA:215,1
DA:216,1
DA:223,1
DA:224,2
DA:225,1
DA:226,1
DA:228,1
DA:234,1
DA:235,1
DA:240,1
DA:241,1
DA:246,1
DA:247,1
DA:252,1
DA:253,1
DA:260,1
DA:261,1
DA:266,1
DA:267,1
DA:272,1
DA:273,1
DA:283,0
DA:284,0
DA:285,0
DA:286,0
DA:287,0
DA:289,0
LF:68
LH:40
end_of_record
TN:
SF:/home/chad/git/rv/src/dist/lognormal.rs
FN:191,default
FN:197,from
FN:207,ln_f
FN:217,draw<rand::rngs::thread::ThreadRng>
FN:223,sample<rand::rngs::thread::ThreadRng>
FN:226,{closure#0}<rand::rngs::thread::ThreadRng>
FN:233,supports
FN:239,cdf
FN:249,invcdf
FN:260,mean
FN:266,median
FN:272,mode
FN:280,variance
FN:289,entropy
FN:295,skewness
FN:302,kurtosis
FN:319,fmt
FNF:17
FNDA:1,default
FNDA:0,from
FNDA:1,ln_f
FNDA:1,draw<rand::rngs::thread::ThreadRng>
FNDA:2,sample<rand::rngs::thread::ThreadRng>
FNDA:3,{closure#0}<rand::rngs::thread::ThreadRng>
FNDA:2,supports
FNDA:2,cdf
FNDA:1,invcdf
FNDA:1,mean
FNDA:1,median
FNDA:1,mode
FNDA:1,variance
FNDA:1,entropy
FNDA:1,skewness
FNDA:1,kurtosis
FNDA:0,fmt
DA:43,1
DA:44,1
DA:45,0
DA:46,1
DA:47,0
DA:48,2
DA:49,0
DA:51,1
DA:58,0
DA:72,0
DA:89,0
DA:90,0
DA:117,0
DA:118,0
DA:119,0
DA:121,0
DA:122,0
DA:128,0
DA:129,0
DA:142,0
DA:143,0
DA:172,0
DA:173,0
DA:174,0
DA:175,0
DA:176,0
DA:178,0
DA:179,0
DA:185,0
DA:186,0
DA:191,1
DA:192,1
DA:197,0
DA:198,0
DA:207,1
DA:209,1
DA:210,1
DA:211,1
DA:212,1
DA:217,1
DA:219,2
DA:220,1
DA:223,2
DA:225,2
DA:226,3
DA:233,2
DA:234,2
DA:239,2
DA:240,1
DA:241,1
DA:242,1
DA:249,1
DA:250,1
DA:252,1
DA:253,1
DA:260,1
DA:261,1
DA:266,1
DA:267,1
DA:272,1
DA:273,1
DA:280,1
DA:282,2
DA:283,1
DA:289,1
DA:290,1
DA:295,1
DA:296,1
DA:297,1
DA:302,1
DA:303,1
DA:305,1
DA:306,1
DA:307,1
DA:319,0
DA:320,0
DA:321,0
DA:322,0
DA:323,0
DA:325,0
DA:326,0
LF:81
LH:47
end_of_record
TN:
SF:/home/chad/git/rv/src/dist/mixture.rs
FN:66,validate_weights
FN:74,{closure#0}
FN:81,{closure#1}
FN:125,{closure#0}<rv::dist::poisson::Poisson>
FN:333,try_from<rv::dist::gaussian::Gaussian>
FN:340,{closure#0}<rv::dist::gaussian::Gaussian>
FN:350,from<rv::dist::gaussian::Gaussian>
FN:359,ln_f<f64, rv::dist::gaussian::Gaussian>
FN:364,{closure#0}<usize, rv::dist::categorical::Categorical>
FN:370,f<u32, rv::dist::poisson::Poisson>
FN:374,{closure#0}<u32, rv::dist::poisson::Poisson>
FN:382,draw<f64, rv::dist::gaussian::Gaussian, &mut rand::rngs::thread::ThreadRng>
FN:468,mean<rv::dist::gaussian::Gaussian>
FN:472,{closure#0}<rv::dist::gaussian::Gaussian>
FN:474,{closure#0}<rv::dist::poisson::Poisson>
FN:476,{closure#1}<rv::dist::gaussian::Gaussian>
FN:485,variance<rv::dist::chi_squared::ChiSquared>
FN:636,fmt
FN:663,entropy
FN:681,entropy
FN:682,{closure#0}
FN:697,entropy
FN:714,{closure#0}
FN:743,quad_bounds
FN:747,{closure#0}
FN:763,sort_mixture_by_mode<rv::dist::gaussian::Gaussian>
FN:768,{closure#0}<rv::dist::gaussian::Gaussian>
FN:776,continuous_mixture_quad_points<rv::dist::gaussian::Gaussian>
FN:786,{closure#0}<rv::dist::gaussian::Gaussian>
FN:788,{closure#0}<rv::dist::gaussian::Gaussian>
FN:811,cm_quad<rv::dist::mixture::{impl#27}::entropy::{closure_env#0}, rv::dist::gaussian::Gaussian>
FN:847,{closure#0}<rv::dist::mixture::{impl#27}::entropy::{closure_env#0}, rv::dist::gaussian::Gaussian>
FN:866,entropy
FN:867,{closure#0}
FN:885,quad_bounds
FNF:35
FNDA:3,validate_weights
FNDA:7,{closure#0}
FNDA:3,{closure#1}
FNDA:30,{closure#0}<rv::dist::poisson::Poisson>
FNDA:3,try_from<rv::dist::gaussian::Gaussian>
FNDA:12,{closure#0}<rv::dist::gaussian::Gaussian>
FNDA:3,from<rv::dist::gaussian::Gaussian>
FNDA:6,ln_f<f64, rv::dist::gaussian::Gaussian>
FNDA:18,{closure#0}<usize, rv::dist::categorical::Categorical>
FNDA:1,f<u32, rv::dist::poisson::Poisson>
FNDA:3,{closure#0}<u32, rv::dist::poisson::Poisson>
FNDA:2,draw<f64, rv::dist::gaussian::Gaussian, &mut rand::rngs::thread::ThreadRng>
FNDA:2,mean<rv::dist::gaussian::Gaussian>
FNDA:4,{closure#0}<rv::dist::gaussian::Gaussian>
FNDA:6,{closure#0}<rv::dist::poisson::Poisson>
FNDA:4,{closure#1}<rv::dist::gaussian::Gaussian>
FNDA:7,variance<rv::dist::chi_squared::ChiSquared>
FNDA:0,fmt
FNDA:0,entropy
FNDA:2,entropy
FNDA:4,{closure#0}
FNDA:1,entropy
FNDA:2,{closure#0}
FNDA:4,quad_bounds
FNDA:10,{closure#0}
FNDA:3,sort_mixture_by_mode<rv::dist::gaussian::Gaussian>
FNDA:9,{closure#0}<rv::dist::gaussian::Gaussian>
FNDA:3,continuous_mixture_quad_points<rv::dist::gaussian::Gaussian>
FNDA:6,{closure#0}<rv::dist::gaussian::Gaussian>
FNDA:9,{closure#0}<rv::dist::gaussian::Gaussian>
FNDA:3,cm_quad<rv::dist::mixture::{impl#27}::entropy::{closure_env#0}, rv::dist::gaussian::Gaussian>
FNDA:7,{closure#0}<rv::dist::mixture::{impl#27}::entropy::{closure_env#0}, rv::dist::gaussian::Gaussian>
FNDA:3,entropy
FNDA:6,{closure#0}
FNDA:0,quad_bounds
DA:66,3
DA:67,4
DA:68,0
DA:71,3
DA:74,7
DA:75,9
DA:76,0
DA:78,3
DA:81,3
DA:82,10
DA:83,1
DA:85,3
DA:97,6
DA:101,26
DA:102,1
DA:103,11
DA:104,1
DA:105,20
DA:106,1
DA:107,1
DA:108,1
DA:111,6
DA:114,17
DA:116,9
DA:117,7
DA:118,9
DA:119,7
DA:123,6
DA:124,12
DA:125,30
DA:130,2
DA:134,2
DA:143,8
DA:144,16
DA:145,0
DA:147,16
DA:148,8
DA:149,8
DA:150,8
DA:151,8
DA:152,8
DA:162,2
DA:164,8
DA:167,2
DA:169,5
DA:172,2
DA:174,2
DA:177,2
DA:179,2
DA:180,4
DA:182,7
DA:183,4
DA:184,6
DA:185,2
DA:186,2
DA:191,2
DA:196,4
DA:197,4
DA:202,0
DA:203,0
DA:208,7
DA:209,7
DA:262,0
DA:263,0
DA:264,0
DA:265,0
DA:269,0
DA:271,0
DA:272,0
DA:273,0
DA:277,0
DA:278,0
DA:279,0
DA:313,0
DA:314,0
DA:315,0
DA:316,0
DA:319,0
DA:320,0
DA:325,0
DA:326,0
DA:333,3
DA:336,6
DA:337,3
DA:338,6
DA:340,12
DA:341,3
DA:342,3
DA:345,3
DA:350,3
DA:351,6
DA:359,6
DA:360,18
DA:363,6
DA:364,18
DA:367,12
DA:370,1
DA:371,3
DA:373,1
DA:374,3
DA:382,2
DA:383,2
DA:384,2
DA:387,1
DA:388,4
DA:390,3
DA:401,0
DA:402,0
DA:410,1
DA:411,3
DA:413,1
DA:414,3
DA:422,1
DA:423,2
DA:425,3
DA:426,1
DA:427,1
DA:429,0
DA:435,0
DA:436,0
DA:444,1
DA:445,2
DA:447,3
DA:448,1
DA:449,1
DA:451,0
DA:457,0
DA:458,0
DA:468,2
DA:469,4
DA:471,2
DA:472,4
DA:473,4
DA:474,6
DA:476,4
DA:485,7
DA:486,7
DA:487,7
DA:488,7
DA:489,21
DA:491,7
DA:492,7
DA:494,7
DA:495,7
DA:497,0
DA:499,7
DA:500,7
DA:501,0
DA:504,7
DA:505,7
DA:523,0
DA:524,0
DA:525,0
DA:526,0
DA:552,0
DA:553,0
DA:558,0
DA:562,0
DA:564,0
DA:565,0
DA:568,0
DA:572,0
DA:574,0
DA:575,0
DA:577,0
DA:578,0
DA:579,0
DA:580,0
DA:581,0
DA:585,0
DA:589,0
DA:590,0
DA:591,0
DA:592,0
DA:593,0
DA:594,0
DA:595,0
DA:596,0
DA:599,0
DA:601,0
DA:602,0
DA:603,0
DA:604,0
DA:607,0
DA:611,0
DA:612,0
DA:613,0
DA:614,0
DA:616,0
DA:617,0
DA:618,0
DA:619,0
DA:625,0
DA:627,0
DA:628,0
DA:636,0
DA:637,0
DA:638,0
DA:639,0
DA:640,0
DA:641,0
DA:643,0
DA:644,0
DA:646,0
DA:663,0
DA:664,0
DA:665,0
DA:667,0
DA:669,0
DA:681,2
DA:682,4
DA:683,2
DA:684,2
DA:697,1
DA:698,1
DA:699,0
DA:701,0
DA:704,1
DA:705,2
DA:706,2
DA:707,1
DA:708,0
DA:710,1
DA:712,2
DA:713,1
DA:714,2
DA:716,1
DA:717,1
DA:718,0
DA:719,2
DA:720,0
DA:722,1
DA:726,1
DA:728,1
DA:729,1
DA:730,1
DA:743,4
DA:744,10
DA:745,10
DA:746,5
DA:747,10
DA:748,5
DA:749,10
DA:750,5
DA:752,10
DA:753,4
DA:755,2
DA:763,3
DA:767,3
DA:768,9
DA:769,9
DA:770,3
DA:771,3
DA:773,3
DA:776,3
DA:782,3
DA:784,6
DA:786,6
DA:787,3
DA:788,9
DA:789,3
DA:790,3
DA:791,9
DA:792,3
DA:794,2
DA:795,2
DA:797,1
DA:800,3
DA:801,3
DA:802,3
DA:804,0
DA:811,3
DA:819,3
DA:820,3
DA:822,6
DA:824,0
DA:825,3
DA:826,3
DA:829,5
DA:831,3
DA:832,6
DA:833,3
DA:834,3
DA:837,3
DA:838,3
DA:839,3
DA:840,3
DA:843,3
DA:844,6
DA:847,7
DA:848,2
DA:849,2
DA:850,2
DA:851,2
DA:852,2
DA:854,2
DA:855,0
DA:859,2
DA:866,3
DA:867,6
DA:868,3
DA:869,3
DA:872,3
DA:885,0
DA:886,0
DA:887,0
DA:888,0
DA:889,0
DA:890,0
DA:891,0
DA:893,0
DA:896,0
DA:897,0
DA:900,0
DA:901,0
DA:904,0
LF:316
LH:202
end_of_record
TN:
SF:/home/chad/git/rv/src/dist/mvg.rs
FNF:0
DA:37,0
DA:38,0
DA:43,0
DA:44,0
DA:45,0
DA:214,0
DA:215,0
DA:226,0
DA:227,0
DA:234,0
DA:235,0
DA:236,0
DA:238,0
DA:239,0
DA:240,0
DA:241,0
DA:242,0
DA:256,0
DA:257,0
DA:262,0
DA:263,0
DA:268,0
DA:269,0
DA:304,0
DA:305,0
DA:306,0
DA:307,0
DA:308,0
DA:311,0
DA:312,0
DA:317,0
DA:318,0
DA:378,0
DA:379,0
DA:380,0
DA:381,0
DA:385,0
DA:386,0
DA:387,0
DA:418,0
DA:419,0
DA:420,0
DA:421,0
DA:423,0
DA:424,0
DA:426,0
DA:427,0
DA:428,0
DA:429,0
DA:431,0
LF:50
LH:0
end_of_record
TN:
SF:/home/chad/git/rv/src/dist/neg_binom.rs
FN:51,eq
FN:204,{closure#0}
FN:209,{closure#0}
FN:216,ln_f
FN:224,draw<rand::rngs::thread::ThreadRng>
FN:232,sample<rand::rngs::thread::ThreadRng>
FN:237,{closure#0}<rand::rngs::thread::ThreadRng>
FN:248,supports
FN:255,cdf
FN:266,mean
FN:273,variance
FN:280,skewness
FN:287,kurtosis
FN:300,fmt
FNF:14
FNDA:1,eq
FNDA:3,{closure#0}
FNDA:5,{closure#0}
FNDA:1,ln_f
FNDA:1,draw<rand::rngs::thread::ThreadRng>
FNDA:1,sample<rand::rngs::thread::ThreadRng>
FNDA:2,{closure#0}<rand::rngs::thread::ThreadRng>
FNDA:1,supports
FNDA:1,cdf
FNDA:1,mean
FNDA:1,variance
FNDA:1,skewness
FNDA:1,kurtosis
FNDA:0,fmt
DA:51,1
DA:52,1
DA:59,3
DA:60,2
DA:61,1
DA:62,3
DA:63,0
DA:64,2
DA:65,1
DA:66,4
DA:67,0
DA:69,1
DA:75,3
DA:79,1
DA:80,4
DA:86,1
DA:87,1
DA:122,3
DA:123,4
DA:124,1
DA:125,2
DA:126,0
DA:128,2
DA:129,2
DA:135,2
DA:136,2
DA:137,4
DA:142,1
DA:143,1
DA:183,1
DA:184,3
DA:185,2
DA:186,2
DA:187,0
DA:189,1
DA:190,1
DA:196,1
DA:197,1
DA:198,1
DA:199,1
DA:203,1
DA:204,3
DA:208,2
DA:209,5
DA:216,1
DA:217,1
DA:218,5
DA:219,1
DA:224,1
DA:225,1
DA:226,1
DA:227,1
DA:228,1
DA:229,1
DA:232,1
DA:233,1
DA:234,1
DA:235,1
DA:236,2
DA:237,2
DA:238,1
DA:239,1
DA:248,1
DA:255,1
DA:257,1
DA:258,1
DA:259,1
DA:266,1
DA:267,1
DA:268,1
DA:273,1
DA:274,1
DA:275,1
DA:280,1
DA:281,1
DA:282,1
DA:287,1
DA:288,1
DA:289,1
DA:300,0
DA:301,0
DA:302,0
DA:303,0
DA:305,0
DA:306,0
DA:307,0
DA:309,0
LF:87
LH:75
end_of_record
TN:
SF:/home/chad/git/rv/src/dist/niw/mvg_prior.rs
FNF:0
DA:66,0
DA:67,0
DA:80,0
DA:81,0
DA:82,0
DA:83,0
LF:6
LH:0
end_of_record
TN:
SF:/home/chad/git/rv/src/dist/niw.rs
FNF:0
DA:118,0
DA:119,0
DA:136,0
DA:137,0
DA:142,0
DA:143,0
DA:148,0
DA:149,0
DA:154,0
DA:155,0
DA:156,0
DA:158,0
DA:159,0
DA:165,0
DA:166,0
DA:171,0
DA:172,0
DA:177,0
DA:178,0
DA:179,0
DA:180,0
DA:182,0
DA:183,0
DA:189,0
DA:190,0
DA:195,0
DA:196,0
DA:205,0
DA:206,0
DA:207,0
DA:211,0
DA:212,0
DA:221,0
DA:222,0
DA:223,0
DA:227,0
DA:228,0
DA:257,0
DA:258,0
DA:259,0
DA:261,0
DA:262,0
DA:263,0
DA:265,0
LF:44
LH:0
end_of_record
TN:
SF:/home/chad/git/rv/src/dist/normal_gamma/gaussian_prior.rs
FN:14,ln_z
FN:24,posterior_from_stat
FN:42,posterior
FN:49,ln_m_cache
FN:53,ln_m_with_cache
FN:66,ln_pp_cache
FN:73,ln_pp_with_cache
FNF:7
FNDA:1,ln_z
FNDA:2,posterior_from_stat
FNDA:1,posterior
FNDA:2,ln_m_cache
FNDA:3,ln_m_with_cache
FNDA:2,ln_pp_cache
FNDA:2,ln_pp_with_cache
DA:14,1
DA:19,1
DA:20,2
DA:21,1
DA:24,2
DA:28,3
DA:29,4
DA:30,3
DA:31,4
DA:32,3
DA:34,4
DA:42,1
DA:43,2
DA:44,1
DA:49,2
DA:50,1
DA:53,3
DA:58,3
DA:59,1
DA:60,3
DA:61,2
DA:66,2
DA:67,2
DA:68,2
DA:69,2
DA:70,2
DA:73,2
DA:74,2
DA:75,2
DA:77,2
DA:78,2
DA:80,2
DA:82,2
LF:33
LH:33
end_of_record
TN:
SF:/home/chad/git/rv/src/dist/normal_gamma.rs
FN:303,from
FN:314,ln_f
FN:362,supports
FN:374,fmt
FNF:4
FNDA:0,from
FNDA:1,ln_f
FNDA:0,supports
FNDA:0,fmt
DA:55,1
DA:61,2
DA:62,0
DA:63,1
DA:64,0
DA:65,2
DA:66,0
DA:67,2
DA:68,0
DA:69,3
DA:70,0
DA:71,1
DA:72,0
DA:73,8
DA:74,0
DA:76,2
DA:83,0
DA:89,3
DA:90,4
DA:118,0
DA:119,0
DA:120,0
DA:121,0
DA:123,0
DA:129,0
DA:130,0
DA:135,2
DA:136,3
DA:170,0
DA:171,0
DA:172,0
DA:173,0
DA:174,0
DA:176,0
DA:177,0
DA:183,0
DA:184,0
DA:189,4
DA:190,3
DA:224,0
DA:225,0
DA:226,0
DA:227,0
DA:228,0
DA:230,0
DA:231,0
DA:237,0
DA:238,0
DA:243,4
DA:244,3
DA:278,0
DA:279,0
DA:280,0
DA:281,0
DA:282,0
DA:284,0
DA:285,0
DA:291,0
DA:292,0
DA:297,0
DA:298,0
DA:303,0
DA:304,0
DA:314,1
DA:316,1
DA:317,1
DA:319,1
DA:320,1
DA:321,1
DA:326,2
DA:336,6
DA:337,0
DA:338,0
DA:341,2
DA:343,2
DA:344,0
DA:346,2
DA:349,2
DA:350,7
DA:351,0
DA:352,0
DA:355,3
DA:357,3
DA:362,0
DA:365,0
DA:374,0
DA:375,0
DA:376,0
DA:377,0
DA:378,0
DA:379,0
DA:380,0
DA:381,0
DA:383,0
DA:384,0
DA:386,0
DA:387,0
LF:97
LH:32
end_of_record
TN:
SF:/home/chad/git/rv/src/dist/normal_inv_chi_squared/gaussian_prior.rs
FN:13,ln_z
FN:22,posterior_from_stat
FN:59,posterior
FN:66,ln_m_cache
FN:70,ln_m_with_cache
FN:84,ln_pp_cache
FN:92,ln_pp_with_cache
FNF:7
FNDA:2,ln_z
FNDA:2,posterior_from_stat
FNDA:1,posterior
FNDA:2,ln_m_cache
FNDA:3,ln_m_with_cache
FNDA:2,ln_pp_cache
FNDA:2,ln_pp_with_cache
DA:13,2
DA:14,2
DA:16,2
DA:17,3
DA:22,2
DA:26,2
DA:27,2
DA:30,1
DA:32,5
DA:34,1
DA:35,5
DA:36,1
DA:42,5
DA:44,1
DA:45,5
DA:46,1
DA:47,5
DA:50,1
DA:59,1
DA:60,2
DA:61,2
DA:66,2
DA:67,2
DA:70,3
DA:75,6
DA:76,3
DA:77,3
DA:78,6
DA:79,3
DA:84,2
DA:85,2
DA:86,2
DA:87,4
DA:88,2
DA:92,2
DA:93,2
DA:94,2
DA:96,2
DA:97,3
DA:99,6
DA:101,3
LF:41
LH:41
end_of_record
TN:
SF:/home/chad/git/rv/src/dist/normal_inv_chi_squared.rs
FN:34,eq
FN:337,{closure#0}
FN:342,from
FN:353,ln_f
FN:386,fmt
FNF:5
FNDA:1,eq
FNDA:4,{closure#0}
FNDA:0,from
FNDA:1,ln_f
FNDA:0,fmt
DA:34,1
DA:35,1
DA:36,1
DA:37,1
DA:38,1
DA:72,1
DA:78,1
DA:79,0
DA:80,1
DA:81,0
DA:82,1
DA:83,0
DA:84,3
DA:85,0
DA:86,3
DA:87,0
DA:88,3
DA:89,0
DA:90,6
DA:91,0
DA:93,3
DA:98,3
DA:106,1
DA:112,1
DA:118,1
DA:119,5
DA:124,1
DA:125,1
DA:153,0
DA:154,0
DA:155,0
DA:156,0
DA:158,0
DA:164,0
DA:165,0
DA:170,1
DA:171,1
DA:205,0
DA:206,0
DA:207,0
DA:208,0
DA:209,0
DA:211,0
DA:212,0
DA:218,0
DA:219,0
DA:224,1
DA:225,1
DA:259,1
DA:260,1
DA:261,0
DA:262,2
DA:263,0
DA:265,1
DA:266,2
DA:267,1
DA:273,1
DA:274,1
DA:275,2
DA:280,1
DA:281,1
DA:315,1
DA:316,1
DA:317,0
DA:318,2
DA:319,0
DA:321,1
DA:322,2
DA:323,1
DA:329,1
DA:330,1
DA:331,2
DA:335,1
DA:336,2
DA:337,4
DA:342,0
DA:343,0
DA:353,1
DA:354,1
DA:355,2
DA:356,3
DA:357,2
DA:362,5
DA:363,5
DA:365,5
DA:366,0
DA:368,5
DA:371,5
DA:372,15
DA:373,0
DA:374,0
DA:377,5
DA:379,5
DA:386,0
DA:387,0
DA:388,0
DA:389,0
DA:390,0
DA:391,0
DA:392,0
DA:393,0
DA:395,0
DA:396,0
DA:398,0
DA:399,0
LF:105
LH:61
end_of_record
TN:
SF:/home/chad/git/rv/src/dist/normal_inv_gamma/gaussian_prior.rs
FN:13,ln_z
FN:22,posterior_from_stat
FN:51,posterior
FN:52,{closure#0}
FN:58,ln_m_cache
FN:62,ln_m_with_cache
FN:67,{closure#0}
FN:77,ln_pp_cache
FN:84,ln_pp_with_cache
FNF:9
FNDA:1,ln_z
FNDA:2,posterior_from_stat
FNDA:1,posterior
FNDA:2,{closure#0}
FNDA:1,ln_m_cache
FNDA:1,ln_m_with_cache
FNDA:4,{closure#0}
FNDA:1,ln_pp_cache
FNDA:1,ln_pp_with_cache
DA:13,1
DA:15,1
DA:16,1
DA:22,2
DA:26,1
DA:28,1
DA:30,2
DA:32,1
DA:33,2
DA:35,1
DA:37,2
DA:39,1
DA:40,2
DA:42,1
DA:51,1
DA:52,2
DA:53,1
DA:58,1
DA:59,1
DA:62,1
DA:67,4
DA:68,1
DA:69,2
DA:70,1
DA:71,2
DA:77,1
DA:78,1
DA:79,1
DA:80,1
DA:81,1
DA:84,1
DA:85,1
DA:86,1
DA:88,1
DA:89,1
DA:91,2
DA:93,2
LF:37
LH:37
end_of_record
TN:
SF:/home/chad/git/rv/src/dist/normal_inv_gamma.rs
FN:306,from
FN:317,ln_f
FN:361,fmt
FNF:3
FNDA:0,from
FNDA:1,ln_f
FNDA:0,fmt
DA:58,1
DA:64,1
DA:65,0
DA:66,1
DA:67,0
DA:68,1
DA:69,0
DA:70,1
DA:71,0
DA:72,1
DA:73,0
DA:74,1
DA:75,0
DA:76,3
DA:77,0
DA:79,1
DA:86,0
DA:92,0
DA:93,3
DA:98,0
DA:99,0
DA:127,0
DA:128,0
DA:129,0
DA:130,0
DA:132,0
DA:138,0
DA:139,0
DA:144,0
DA:145,0
DA:179,0
DA:180,0
DA:181,0
DA:182,0
DA:183,0
DA:185,0
DA:186,0
DA:192,0
DA:193,0
DA:198,0
DA:199,0
DA:233,0
DA:234,0
DA:235,0
DA:236,0
DA:237,0
DA:239,0
DA:240,0
DA:246,0
DA:247,0
DA:252,0
DA:253,0
DA:287,0
DA:288,0
DA:289,0
DA:290,0
DA:291,0
DA:293,0
DA:294,0
DA:300,0
DA:301,0
DA:306,0
DA:307,0
DA:317,1
DA:319,1
DA:320,1
DA:321,1
DA:323,1
DA:324,1
DA:325,1
DA:330,2
DA:333,4
DA:334,0
DA:335,0
DA:338,0
DA:340,2
DA:341,0
DA:343,2
DA:346,2
DA:347,6
DA:348,0
DA:349,0
DA:352,3
DA:354,2
DA:361,0
DA:362,0
DA:363,0
DA:364,0
DA:365,0
DA:366,0
DA:367,0
DA:368,0
DA:370,0
DA:371,0
DA:373,0
DA:374,0
LF:96
LH:25
end_of_record
TN:
SF:/home/chad/git/rv/src/dist/pareto.rs
FN:182,from
FN:192,ln_f
FN:202,draw<&mut rand::rngs::thread::ThreadRng>
FN:212,supports
FN:218,cdf
FN:225,mean
FN:238,mode
FN:246,variance
FN:261,entropy
FN:267,skewness
FN:280,kurtosis
FN:300,fmt
FNF:12
FNDA:0,from
FNDA:1,ln_f
FNDA:1,draw<&mut rand::rngs::thread::ThreadRng>
FNDA:0,supports
FNDA:1,cdf
FNDA:1,mean
FNDA:1,mode
FNDA:1,variance
FNDA:1,entropy
FNDA:1,skewness
FNDA:1,kurtosis
FNDA:0,fmt
DA:46,1
DA:47,1
DA:48,0
DA:49,1
DA:50,0
DA:51,1
DA:52,0
DA:53,2
DA:54,0
DA:56,1
DA:62,0
DA:76,0
DA:77,0
DA:106,0
DA:107,0
DA:108,0
DA:109,0
DA:110,0
DA:112,0
DA:113,0
DA:119,0
DA:120,0
DA:133,0
DA:134,0
DA:163,0
DA:164,0
DA:165,0
DA:166,0
DA:167,0
DA:169,0
DA:170,0
DA:176,0
DA:177,0
DA:182,0
DA:183,0
DA:192,1
DA:194,2
DA:195,1
DA:196,1
DA:202,1
DA:204,2
DA:205,1
DA:212,0
DA:213,0
DA:218,1
DA:219,1
DA:220,1
DA:225,1
DA:226,2
DA:227,1
DA:229,1
DA:230,1
DA:238,1
DA:239,1
DA:246,1
DA:247,2
DA:248,1
DA:251,2
DA:252,3
DA:253,1
DA:254,1
DA:261,1
DA:262,1
DA:267,1
DA:268,2
DA:269,1
DA:272,2
DA:273,1
DA:280,1
DA:281,1
DA:282,2
DA:283,1
DA:285,1
DA:287,2
DA:288,1
DA:300,0
DA:301,0
DA:302,0
DA:303,0
DA:305,0
DA:306,0
DA:308,0
DA:309,0
DA:311,0
DA:312,0
LF:85
LH:44
end_of_record
TN:
SF:/home/chad/git/rv/src/dist/poisson.rs
FN:78,eq
FN:117,{closure#0}
FN:180,from
FN:190,ln_f
FN:197,draw<&mut rand::rngs::thread::ThreadRng>
FN:203,sample<rand::rngs::thread::ThreadRng>
FN:206,{closure#0}<rand::rngs::thread::ThreadRng>
FN:216,supports
FN:224,cdf
FN:233,empty_suffstat
FN:237,ln_f_stat
FN:246,mode
FN:254,mode
FN:262,mean
FN:268,variance
FN:274,skewness
FN:280,kurtosis
FN:286,kl
FN:294,entropy
FN:322,fmt
FNF:20
FNDA:1,eq
FNDA:3,{closure#0}
FNDA:0,from
FNDA:1,ln_f
FNDA:2,draw<&mut rand::rngs::thread::ThreadRng>
FNDA:1,sample<rand::rngs::thread::ThreadRng>
FNDA:2,{closure#0}<rand::rngs::thread::ThreadRng>
FNDA:1,supports
FNDA:1,cdf
FNDA:0,empty_suffstat
FNDA:1,ln_f_stat
FNDA:1,mode
FNDA:1,mode
FNDA:1,mean
FNDA:1,variance
FNDA:1,skewness
FNDA:1,kurtosis
FNDA:1,kl
FNDA:1,entropy
FNDA:0,fmt
DA:78,1
DA:79,1
DA:96,1
DA:97,2
DA:98,1
DA:99,2
DA:100,1
DA:102,1
DA:108,1
DA:111,1
DA:116,1
DA:117,3
DA:130,1
DA:131,1
DA:160,1
DA:161,1
DA:162,0
DA:163,1
DA:164,0
DA:166,1
DA:167,1
DA:173,1
DA:174,1
DA:175,2
DA:180,0
DA:181,0
DA:190,1
DA:191,1
DA:192,1
DA:197,2
DA:198,2
DA:199,2
DA:203,1
DA:204,1
DA:205,2
DA:206,2
DA:207,1
DA:216,1
DA:217,1
DA:224,1
DA:225,1
DA:226,1
DA:233,0
DA:234,0
DA:237,1
DA:238,1
DA:240,1
DA:241,1
DA:246,1
DA:247,1
DA:248,1
DA:249,1
DA:254,1
DA:255,1
DA:262,1
DA:263,1
DA:268,1
DA:269,1
DA:274,1
DA:275,1
DA:280,1
DA:281,1
DA:286,1
DA:287,3
DA:288,1
DA:289,1
DA:294,1
DA:296,1
DA:298,1
DA:299,1
DA:303,0
DA:304,0
DA:305,0
DA:306,0
DA:307,0
DA:308,0
DA:322,0
DA:323,0
DA:324,0
DA:325,0
DA:327,0
DA:328,0
LF:82
LH:64
end_of_record
TN:
SF:/home/chad/git/rv/src/dist/product.rs
FNF:0
DA:92,0
DA:93,0
DA:107,0
DA:108,0
LF:4
LH:0
end_of_record
TN:
SF:/home/chad/git/rv/src/dist/scaled_inv_chi_squared.rs
FN:40,eq
FN:212,{closure#0}
FN:223,{closure#0}
FN:228,from
FN:238,ln_f
FN:247,draw<&mut rand::rngs::thread::ThreadRng>
FN:256,supports
FN:264,mean
FN:275,mode
FN:281,variance
FN:294,cdf
FN:303,skewness
FN:314,kurtosis
FN:330,fmt
FNF:14
FNDA:1,eq
FNDA:5,{closure#0}
FNDA:8,{closure#0}
FNDA:0,from
FNDA:1,ln_f
FNDA:5,draw<&mut rand::rngs::thread::ThreadRng>
FNDA:0,supports
FNDA:1,mean
FNDA:0,mode
FNDA:2,variance
FNDA:2,cdf
FNDA:1,skewness
FNDA:1,kurtosis
FNDA:0,fmt
DA:40,1
DA:41,1
DA:66,2
DA:67,2
DA:68,1
DA:69,2
DA:70,0
DA:71,2
DA:72,1
DA:73,4
DA:74,0
DA:76,1
DA:77,0
DA:78,0
DA:79,1
DA:80,2
DA:88,0
DA:92,12
DA:93,12
DA:107,0
DA:108,0
DA:135,1
DA:136,1
DA:137,0
DA:138,2
DA:139,0
DA:140,1
DA:142,0
DA:147,0
DA:148,3
DA:149,3
DA:150,6
DA:163,0
DA:164,0
DA:191,1
DA:192,1
DA:193,0
DA:194,2
DA:195,0
DA:196,1
DA:198,0
DA:203,0
DA:204,3
DA:205,3
DA:206,6
DA:211,3
DA:212,5
DA:213,2
DA:214,3
DA:220,2
DA:221,3
DA:222,0
DA:223,8
DA:228,0
DA:229,0
DA:238,1
DA:239,1
DA:240,1
DA:241,2
DA:242,1
DA:247,5
DA:248,5
DA:249,5
DA:250,5
DA:251,5
DA:256,0
DA:257,0
DA:264,1
DA:265,2
DA:266,1
DA:267,1
DA:269,1
DA:275,0
DA:276,0
DA:281,2
DA:282,3
DA:283,1
DA:284,1
DA:285,1
DA:286,1
DA:288,1
DA:294,2
DA:295,2
DA:296,2
DA:303,1
DA:304,1
DA:305,1
DA:306,1
DA:308,0
DA:314,1
DA:315,1
DA:316,1
DA:317,1
DA:319,0
DA:330,0
DA:331,0
DA:332,0
DA:333,0
DA:335,0
DA:336,0
DA:337,0
DA:339,0
LF:102
LH:68
end_of_record
TN:
SF:/home/chad/git/rv/src/dist/skellam.rs
FN:43,cache_default
FN:216,from
FN:226,ln_f
FN:230,{closure#0}
FN:253,sample<rand::rngs::thread::ThreadRng>
FN:260,{closure#0}<rand::rngs::thread::ThreadRng>
FN:269,supports
FN:279,mean
FN:285,variance
FN:291,skewness
FN:297,kurtosis
FN:307,eq
FN:313,clone
FNF:13
FNDA:1,cache_default
FNDA:0,from
FNDA:1,ln_f
FNDA:5,{closure#0}
FNDA:1,sample<rand::rngs::thread::ThreadRng>
FNDA:2,{closure#0}<rand::rngs::thread::ThreadRng>
FNDA:1,supports
FNDA:1,mean
FNDA:1,variance
FNDA:1,skewness
FNDA:1,kurtosis
FNDA:1,eq
FNDA:1,clone
DA:43,1
DA:45,1
DA:64,1
DA:65,2
DA:66,1
DA:67,2
DA:68,1
DA:69,2
DA:70,1
DA:71,3
DA:72,1
DA:74,1
DA:80,1
DA:84,1
DA:98,0
DA:99,0
DA:128,0
DA:129,0
DA:130,0
DA:131,0
DA:132,0
DA:134,0
DA:135,0
DA:141,0
DA:142,0
DA:155,0
DA:156,0
DA:185,0
DA:186,0
DA:187,0
DA:188,0
DA:189,0
DA:191,0
DA:192,0
DA:198,0
DA:199,0
DA:208,0
DA:209,0
DA:211,0
DA:216,0
DA:217,0
DA:226,1
DA:227,2
DA:228,1
DA:230,5
DA:232,3
DA:235,1
DA:239,4
DA:240,1
DA:253,1
DA:254,1
DA:255,1
DA:256,4
DA:258,1
DA:259,2
DA:260,2
DA:261,1
DA:269,1
DA:279,1
DA:280,1
DA:285,1
DA:286,1
DA:291,1
DA:292,1
DA:297,1
DA:298,1
DA:307,1
DA:308,1
DA:313,1
DA:314,1
DA:315,2
DA:316,2
DA:317,0
DA:320,1
DA:321,1
DA:322,1
LF:76
LH:48
end_of_record
TN:
SF:/home/chad/git/rv/src/dist/students_t.rs
FN:114,from
FN:124,ln_f
FN:150,supports
FN:158,mean
FN:168,median
FN:174,mode
FN:180,variance
FN:192,skewness
FN:202,kurtosis
FN:219,fmt
FNF:10
FNDA:0,from
FNDA:1,ln_f
FNDA:1,supports
FNDA:0,mean
FNDA:1,median
FNDA:1,mode
FNDA:1,variance
FNDA:0,skewness
FNDA:0,kurtosis
FNDA:0,fmt
DA:35,1
DA:36,2
DA:37,1
DA:38,2
DA:39,1
DA:41,1
DA:48,0
DA:54,0
DA:55,0
DA:89,0
DA:90,0
DA:91,0
DA:92,0
DA:93,0
DA:95,0
DA:96,0
DA:102,0
DA:103,0
DA:114,0
DA:115,0
DA:124,1
DA:126,1
DA:127,1
DA:128,1
DA:129,1
DA:130,1
DA:131,1
DA:133,1
DA:150,1
DA:151,1
DA:158,0
DA:159,0
DA:160,0
DA:162,0
DA:168,1
DA:169,1
DA:174,1
DA:175,1
DA:180,1
DA:181,1
DA:182,1
DA:184,0
DA:192,0
DA:193,0
DA:194,0
DA:196,0
DA:202,0
DA:203,0
DA:204,0
DA:205,0
DA:206,0
DA:208,0
DA:219,0
DA:220,0
DA:221,0
DA:222,0
DA:223,0
LF:57
LH:23
end_of_record
TN:
SF:/home/chad/git/rv/src/dist/uniform.rs
FN:42,eq
FN:151,{closure#0}
FN:156,default
FN:162,from
FN:172,ln_f
FN:184,draw<&mut rand::rngs::thread::ThreadRng>
FN:189,sample<rand::rngs::thread::ThreadRng>
FN:191,{closure#0}<rand::rngs::thread::ThreadRng>
FN:197,supports
FN:207,mean
FN:214,median
FN:221,variance
FN:229,cdf
FN:242,invcdf
FN:251,skewness
FN:257,kurtosis
FN:263,entropy
FN:274,fmt
FNF:18
FNDA:1,eq
FNDA:6,{closure#0}
FNDA:1,default
FNDA:0,from
FNDA:1,ln_f
FNDA:1,draw<&mut rand::rngs::thread::ThreadRng>
FNDA:1,sample<rand::rngs::thread::ThreadRng>
FNDA:3,{closure#0}<rand::rngs::thread::ThreadRng>
FNDA:1,supports
FNDA:1,mean
FNDA:1,median
FNDA:1,variance
FNDA:2,cdf
FNDA:1,invcdf
FNDA:0,skewness
FNDA:0,kurtosis
FNDA:1,entropy
FNDA:0,fmt
DA:42,1
DA:43,1
DA:62,1
DA:63,2
DA:64,1
DA:65,2
DA:66,1
DA:67,3
DA:68,1
DA:70,1
DA:77,1
DA:81,1
DA:95,0
DA:96,0
DA:100,0
DA:101,0
DA:102,0
DA:103,0
DA:104,0
DA:106,0
DA:107,0
DA:112,0
DA:113,0
DA:114,0
DA:127,0
DA:128,0
DA:132,0
DA:133,0
DA:134,0
DA:135,0
DA:136,0
DA:138,0
DA:139,0
DA:144,0
DA:145,0
DA:146,0
DA:150,2
DA:151,6
DA:156,1
DA:157,1
DA:162,0
DA:163,0
DA:172,1
DA:173,1
DA:174,2
DA:176,2
DA:178,0
DA:184,1
DA:185,1
DA:186,1
DA:189,1
DA:190,1
DA:191,3
DA:197,1
DA:198,1
DA:199,1
DA:200,1
DA:207,1
DA:208,1
DA:209,1
DA:214,1
DA:215,1
DA:216,1
DA:221,1
DA:222,1
DA:223,1
DA:224,1
DA:229,2
DA:230,2
DA:231,2
DA:232,0
DA:233,4
DA:234,1
DA:236,2
DA:242,1
DA:243,1
DA:244,0
DA:251,0
DA:252,0
DA:257,0
DA:258,0
DA:263,1
DA:264,1
DA:274,0
DA:275,0
DA:276,0
DA:277,0
DA:279,0
DA:280,0
LF:89
LH:50
end_of_record
TN:
SF:/home/chad/git/rv/src/dist/unit_powerlaw/bernoulli_prior.rs
FN:10,ln_f
FN:23,supports
FN:36,posterior<bool>
FNF:3
FNDA:0,ln_f
FNDA:0,supports
FNDA:2,posterior<bool>
DA:10,0
DA:11,0
DA:16,0
DA:17,0
DA:18,0
DA:23,0
DA:24,0
DA:36,2
DA:37,4
DA:38,2
DA:39,2
DA:40,6
DA:41,2
DA:43,0
DA:46,2
DA:47,2
DA:49,2
DA:53,0
DA:54,0
DA:62,0
DA:63,0
DA:67,0
DA:69,0
DA:70,0
DA:71,0
DA:74,0
DA:76,0
DA:77,0
DA:79,0
LF:29
LH:9
end_of_record
TN:
SF:/home/chad/git/rv/src/dist/unit_powerlaw.rs
FN:46,eq
FN:174,{closure#0}
FN:180,{closure#0}
FN:185,from
FN:191,default
FN:197,from
FN:207,ln_f
FN:213,draw<rand_xoshiro::xoshiro256plus::Xoshiro256Plus>
FN:217,sample<rand::rngs::thread::ThreadRng>
FN:219,{closure#0}<rand::rngs::thread::ThreadRng>
FN:224,supports
FN:233,cdf
FN:239,invcdf
FN:245,mean
FN:251,mode
FN:263,empty_suffstat
FN:267,ln_f_stat
FN:278,variance
FN:285,entropy
FN:295,skewness
FN:304,kurtosis
FN:320,fmt
FNF:22
FNDA:1,eq
FNDA:3,{closure#0}
FNDA:3,{closure#0}
FNDA:1,from
FNDA:0,default
FNDA:0,from
FNDA:1,ln_f
FNDA:2,draw<rand_xoshiro::xoshiro256plus::Xoshiro256Plus>
FNDA:2,sample<rand::rngs::thread::ThreadRng>
FNDA:6,{closure#0}<rand::rngs::thread::ThreadRng>
FNDA:3,supports
FNDA:1,cdf
FNDA:1,invcdf
FNDA:1,mean
FNDA:2,mode
FNDA:0,empty_suffstat
FNDA:1,ln_f_stat
FNDA:1,variance
FNDA:1,entropy
FNDA:1,skewness
FNDA:1,kurtosis
FNDA:0,fmt
DA:46,1
DA:47,1
DA:76,3
DA:77,3
DA:78,0
DA:79,6
DA:80,0
DA:82,3
DA:84,3
DA:85,3
DA:92,2
DA:95,1
DA:96,2
DA:110,2
DA:111,1
DA:124,2
DA:125,2
DA:152,2
DA:153,2
DA:154,0
DA:155,2
DA:156,0
DA:158,2
DA:159,2
DA:165,1
DA:166,2
DA:167,2
DA:168,2
DA:173,1
DA:174,3
DA:179,1
DA:180,3
DA:185,1
DA:186,1
DA:191,0
DA:197,0
DA:198,0
DA:207,1
DA:208,1
DA:213,2
DA:214,2
DA:217,2
DA:218,2
DA:219,6
DA:224,3
DA:225,3
DA:226,3
DA:233,1
DA:234,1
DA:239,1
DA:240,1
DA:245,1
DA:246,1
DA:251,2
DA:252,3
DA:253,1
DA:255,1
DA:263,0
DA:264,0
DA:267,1
DA:268,1
DA:269,1
DA:270,1
DA:271,1
DA:278,1
DA:279,1
DA:280,1
DA:285,1
DA:286,1
DA:287,2
DA:288,1
DA:289,1
DA:295,1
DA:296,1
DA:297,1
DA:298,1
DA:299,1
DA:304,1
DA:305,1
DA:306,1
DA:307,1
DA:308,1
DA:309,1
DA:310,1
DA:320,0
DA:321,0
DA:322,0
DA:323,0
DA:325,0
DA:326,0
LF:90
LH:75
end_of_record
TN:
SF:/home/chad/git/rv/src/dist/vonmises.rs
FN:210,default
FN:216,from
FN:226,ln_f
FN:237,draw<&mut rand::rngs::thread::ThreadRng>
FN:269,cdf
FN:274,{closure#0}
FN:289,supports
FN:296,mean
FN:302,median
FN:308,mode
FN:315,variance
FN:324,entropy
FN:335,fmt
FNF:13
FNDA:1,default
FNDA:0,from
FNDA:1,ln_f
FNDA:1,draw<&mut rand::rngs::thread::ThreadRng>
FNDA:1,cdf
FNDA:3,{closure#0}
FNDA:1,supports
FNDA:1,mean
FNDA:1,median
FNDA:1,mode
FNDA:1,variance
FNDA:0,entropy
FNDA:0,fmt
DA:59,3
DA:60,4
DA:61,1
DA:62,3
DA:63,0
DA:64,3
DA:65,0
DA:66,7
DA:67,0
DA:69,4
DA:70,4
DA:77,0
DA:78,0
DA:92,0
DA:93,0
DA:126,0
DA:127,0
DA:128,0
DA:129,0
DA:130,0
DA:132,0
DA:133,0
DA:139,0
DA:140,0
DA:153,0
DA:154,0
DA:190,0
DA:191,0
DA:192,0
DA:193,0
DA:194,0
DA:196,0
DA:197,0
DA:203,0
DA:204,0
DA:205,0
DA:210,1
DA:211,1
DA:216,0
DA:217,0
DA:226,1
DA:228,1
DA:229,1
DA:237,1
DA:238,1
DA:239,1
DA:240,1
DA:241,1
DA:244,1
DA:245,1
DA:247,1
DA:248,1
DA:249,1
DA:251,1
DA:252,1
DA:254,1
DA:255,1
DA:256,1
DA:257,1
DA:258,1
DA:260,0
DA:269,1
DA:274,3
DA:276,1
DA:277,1
DA:279,1
DA:280,1
DA:281,1
DA:289,1
DA:290,1
DA:291,1
DA:296,1
DA:297,1
DA:302,1
DA:303,1
DA:308,1
DA:309,1
DA:315,1
DA:316,1
DA:317,1
DA:324,0
DA:325,0
DA:335,0
DA:336,0
DA:337,0
DA:338,0
DA:339,0
DA:340,0
DA:342,0
DA:343,0
LF:90
LH:49
end_of_record
TN:
SF:/home/chad/git/rv/src/dist/wishart.rs
FNF:0
DA:40,0
DA:41,0
DA:42,0
DA:43,0
DA:45,0
DA:46,0
DA:47,0
DA:48,0
DA:51,0
DA:67,0
DA:68,0
DA:74,0
DA:81,0
DA:83,0
DA:89,0
DA:90,0
DA:95,0
DA:96,0
DA:101,0
DA:102,0
DA:107,0
DA:108,0
DA:109,0
DA:110,0
DA:112,0
DA:113,0
DA:119,0
DA:120,0
DA:129,0
DA:130,0
DA:131,0
DA:135,0
DA:136,0
DA:163,0
DA:164,0
DA:165,0
DA:166,0
DA:167,0
DA:168,0
DA:169,0
DA:170,0
DA:172,0
DA:175,0
DA:178,0
DA:179,0
DA:180,0
DA:181,0
DA:182,0
DA:183,0
DA:184,0
DA:185,0
DA:186,0
DA:187,0
DA:189,0
DA:192,0
LF:55
LH:0
end_of_record
TN:
SF:/home/chad/git/rv/src/experimental/sbd.rs
FN:47,{closure#0}
FN:70,{closure#1}
FN:102,supports
FN:121,sf
FN:137,cdf
FN:143,invcdf
FN:151,mode
FN:156,{closure#0}
FN:157,{closure#1}
FN:159,{closure#0}
FN:217,f
FN:222,ln_f
FNF:12
FNDA:4,{closure#0}
FNDA:2,{closure#1}
FNDA:0,supports
FNDA:0,sf
FNDA:0,cdf
FNDA:0,invcdf
FNDA:0,mode
FNDA:0,{closure#0}
FNDA:0,{closure#1}
FNDA:0,{closure#0}
FNDA:1,f
FNDA:1,ln_f
DA:29,1
DA:45,1
DA:46,1
DA:47,4
DA:48,6
DA:65,1
DA:66,1
DA:67,1
DA:69,5
DA:70,2
DA:71,1
DA:74,1
DA:75,3
DA:76,2
DA:77,1
DA:78,1
DA:81,1
DA:85,1
DA:102,0
DA:121,0
DA:122,0
DA:137,0
DA:138,0
DA:143,0
DA:144,0
DA:151,0
DA:152,0
DA:155,0
DA:156,0
DA:157,0
DA:159,0
DA:160,0
DA:163,0
DA:203,1
DA:204,2
DA:205,3
DA:206,1
DA:207,1
DA:208,1
DA:211,3
DA:212,3
DA:213,1
DA:217,1
DA:218,1
DA:219,1
DA:222,1
DA:223,1
DA:228,0
DA:229,0
DA:230,0
DA:233,0
DA:234,0
DA:235,0
DA:239,0
DA:240,0
LF:55
LH:32
end_of_record
TN:
SF:/home/chad/git/rv/src/experimental/sbd_stat.rs
FN:31,from
FN:39,default
FN:47,empty_suffstat
FN:51,ln_f_stat
FN:57,{closure#0}
FN:62,n
FN:66,observe
FN:73,forget
FNF:8
FNDA:0,from
FNDA:0,default
FNDA:0,empty_suffstat
FNDA:0,ln_f_stat
FNDA:0,{closure#0}
FNDA:0,n
FNDA:1,observe
FNDA:1,forget
DA:14,1
DA:15,1
DA:18,1
DA:19,1
DA:20,2
DA:22,3
DA:23,1
DA:24,1
DA:31,0
DA:32,0
DA:33,0
DA:34,0
DA:39,0
DA:40,0
DA:47,0
DA:48,0
DA:51,0
DA:52,0
DA:53,0
DA:56,0
DA:57,0
DA:62,0
DA:63,0
DA:66,1
DA:67,1
DA:68,1
DA:70,2
DA:73,1
DA:74,1
DA:75,1
LF:30
LH:15
end_of_record
TN:
SF:/home/chad/git/rv/src/experimental/stick_breaking.rs
FN:58,from
FN:76,from
FN:80,{closure#0}
FN:104,ln_f
FN:163,ln_m_cache
FN:166,ln_pp_cache
FN:171,posterior_from_suffstat
FN:177,{closure#0}
FN:196,posterior
FN:210,ln_m
FN:221,{closure#0}
FN:225,{closure#1}
FN:240,ln_m_with_cache
FN:249,ln_pp_with_cache
FN:254,pp
FNF:15
FNDA:1,from
FNDA:1,from
FNDA:4,{closure#0}
FNDA:0,ln_f
FNDA:0,ln_m_cache
FNDA:0,ln_pp_cache
FNDA:1,posterior_from_suffstat
FNDA:3,{closure#0}
FNDA:1,posterior
FNDA:1,ln_m
FNDA:3,{closure#0}
FNDA:4,{closure#1}
FNDA:0,ln_m_with_cache
FNDA:0,ln_pp_with_cache
FNDA:1,pp
DA:45,1
DA:46,1
DA:58,1
DA:59,1
DA:60,2
DA:62,2
DA:63,1
DA:64,1
DA:65,1
DA:66,1
DA:67,1
DA:71,1
DA:76,1
DA:77,1
DA:78,4
DA:80,4
DA:81,2
DA:82,2
DA:83,2
DA:84,2
DA:85,2
DA:89,2
DA:104,0
DA:105,0
DA:106,0
DA:108,0
DA:109,0
DA:110,0
DA:111,0
DA:112,0
DA:128,1
DA:129,1
DA:131,1
DA:132,2
DA:133,0
DA:134,0
DA:136,1
DA:151,1
DA:152,1
DA:163,0
DA:166,0
DA:167,0
DA:171,1
DA:172,1
DA:173,4
DA:176,1
DA:177,3
DA:178,1
DA:179,2
DA:180,1
DA:181,1
DA:184,0
DA:185,0
DA:192,1
DA:196,1
DA:197,1
DA:198,1
DA:199,1
DA:200,1
DA:201,1
DA:203,1
DA:204,1
DA:210,1
DA:211,1
DA:212,1
DA:213,1
DA:214,1
DA:215,1
DA:217,0
DA:219,2
DA:220,1
DA:221,3
DA:222,3
DA:225,4
DA:226,1
DA:227,2
DA:228,1
DA:230,0
DA:231,1
DA:232,1
DA:233,1
DA:240,0
DA:245,0
DA:249,0
DA:250,0
DA:254,1
DA:255,1
DA:256,1
LF:88
LH:67
end_of_record
TN:
SF:/home/chad/git/rv/src/experimental/stick_sequence.rs
FN:99,eq
FN:113,{closure#0}
FN:121,{closure#0}
FN:132,{closure#0}<rv::experimental::sbd::{impl#0}::invccdf::{closure_env#0}, rv::experimental::sbd::{impl#0}::invccdf::{closure_env#1}, usize>
FN:133,{closure#1}<rv::experimental::sbd::{impl#5}::mode::{closure_env#0}, rv::experimental::sbd::{impl#5}::mode::{closure_env#1}, usize>
FN:140,{closure#0}<rv::experimental::stick_sequence::{impl#2}::weight::{closure_env#0}, f64>
FN:147,{closure#0}<rv::experimental::stick_sequence::{impl#2}::extend_until::{closure_env#0}<rv::experimental::stick_sequence::{impl#2}::extendmap_ccdf::{closure_env#0}<rv::experimental::sbd::{impl#5}::mode::{closure_env#0}, rv::experimental::sbd::{impl#5}::mode::{closure_env#1}, usize>>, ()>
FN:156,{closure#0}
FN:164,{closure#0}
FN:174,{closure#0}
FN:180,{closure#0}
FN:198,{closure#0}<rv::experimental::stick_sequence::{impl#2}::extendmap_ccdf::{closure_env#0}<rv::experimental::sbd::{impl#5}::mode::{closure_env#0}, rv::experimental::sbd::{impl#5}::mode::{closure_env#1}, usize>>
FNF:12
FNDA:0,eq
FNDA:0,{closure#0}
FNDA:0,{closure#0}
FNDA:6,{closure#0}<rv::experimental::sbd::{impl#0}::invccdf::{closure_env#0}, rv::experimental::sbd::{impl#0}::invccdf::{closure_env#1}, usize>
FNDA:6,{closure#1}<rv::experimental::sbd::{impl#5}::mode::{closure_env#0}, rv::experimental::sbd::{impl#5}::mode::{closure_env#1}, usize>
FNDA:16,{closure#0}<rv::experimental::stick_sequence::{impl#2}::weight::{closure_env#0}, f64>
FNDA:12,{closure#0}<rv::experimental::stick_sequence::{impl#2}::extend_until::{closure_env#0}<rv::experimental::stick_sequence::{impl#2}::extendmap_ccdf::{closure_env#0}<rv::experimental::sbd::{impl#5}::mode::{closure_env#0}, rv::experimental::sbd::{impl#5}::mode::{closure_env#1}, usize>>, ()>
FNDA:0,{closure#0}
FNDA:2,{closure#0}
FNDA:2,{closure#0}
FNDA:3,{closure#0}
FNDA:9,{closure#0}<rv::experimental::stick_sequence::{impl#2}::extendmap_ccdf::{closure_env#0}<rv::experimental::sbd::{impl#5}::mode::{closure_env#0}, rv::experimental::sbd::{impl#5}::mode::{closure_env#1}, usize>>
DA:53,1
DA:55,1
DA:59,1
DA:63,1
DA:64,1
DA:65,2
DA:66,1
DA:67,1
DA:68,0
DA:71,3
DA:76,6
DA:77,4
DA:99,0
DA:105,1
DA:108,2
DA:112,0
DA:113,0
DA:114,0
DA:115,0
DA:116,0
DA:120,0
DA:121,0
DA:122,0
DA:123,0
DA:127,2
DA:132,6
DA:133,6
DA:136,4
DA:140,16
DA:143,3
DA:147,12
DA:150,1
DA:151,3
DA:154,0
DA:155,0
DA:156,0
DA:157,0
DA:158,0
DA:162,1
DA:163,1
DA:164,2
DA:165,1
DA:166,1
DA:172,1
DA:173,1
DA:174,2
DA:175,1
DA:176,2
DA:180,3
DA:181,1
DA:182,1
DA:187,1
DA:190,0
DA:191,0
DA:194,3
DA:198,9
LF:56
LH:38
end_of_record
TN:
SF:/home/chad/git/rv/src/lib.rs
FN:117,fmt
FN:132,{closure#0}
FNF:2
FNDA:0,fmt
FNDA:0,{closure#0}
DA:91,0
DA:96,0
DA:101,0
DA:113,0
DA:114,0
DA:115,0
DA:116,0
DA:117,0
DA:118,0
DA:124,0
DA:125,0
DA:126,0
DA:129,0
DA:130,0
DA:131,0
DA:132,0
DA:133,0
LF:17
LH:0
end_of_record
TN:
SF:/home/chad/git/rv/src/misc/bessel.rs
FN:128,chbevl
FN:133,{closure#0}
FN:143,i0
FN:156,i1
FN:187,fmt
FN:209,bessel_iv
FN:603,bessel_ikv_asymptotic_uniform
FN:678,bessel_ikv_temme
FN:736,temme_ik_series
FN:800,cf2_ik
FN:847,cf1_ik
FN:892,bessel_iv_asymptotic
FNF:12
FNDA:4,chbevl
FNDA:8,{closure#0}
FNDA:4,i0
FNDA:1,i1
FNDA:0,fmt
FNDA:1,bessel_iv
FNDA:1,bessel_ikv_asymptotic_uniform
FNDA:2,bessel_ikv_temme
FNDA:1,temme_ik_series
FNDA:1,cf2_ik
FNDA:1,cf1_ik
FNDA:0,bessel_iv_asymptotic
DA:128,4
DA:129,4
DA:130,4
DA:131,4
DA:133,8
DA:134,4
DA:135,4
DA:136,4
DA:139,4
DA:143,4
DA:144,4
DA:146,5
DA:147,4
DA:148,4
DA:150,2
DA:151,1
DA:156,1
DA:157,1
DA:158,2
DA:159,1
DA:160,1
DA:162,2
DA:163,1
DA:166,1
DA:187,0
DA:188,0
DA:190,0
DA:193,0
DA:196,0
DA:199,0
DA:202,0
DA:209,1
DA:210,1
DA:211,0
DA:213,1
DA:214,1
DA:215,2
DA:216,1
DA:218,1
DA:222,4
DA:224,0
DA:225,0
DA:228,0
DA:229,0
DA:231,0
DA:234,1
DA:237,1
DA:238,1
DA:239,1
DA:240,1
DA:241,0
DA:243,1
DA:247,1
DA:248,5
DA:250,2
DA:253,2
DA:256,1
DA:603,1
DA:608,1
DA:610,1
DA:611,1
DA:612,1
DA:613,1
DA:615,1
DA:616,1
DA:618,1
DA:619,1
DA:621,1
DA:622,1
DA:624,3
DA:630,1
DA:631,3
DA:632,1
DA:634,1
DA:635,2
DA:637,4
DA:638,1
DA:640,1
DA:641,1
DA:644,1
DA:645,1
DA:646,1
DA:648,1
DA:651,1
DA:655,1
DA:656,0
DA:657,1
DA:658,0
DA:660,1
DA:661,1
DA:662,1
DA:664,0
DA:665,0
DA:666,0
DA:669,1
DA:678,2
DA:683,1
DA:685,2
DA:686,1
DA:687,2
DA:689,1
DA:690,0
DA:691,2
DA:692,0
DA:695,1
DA:696,5
DA:697,2
DA:699,2
DA:702,1
DA:703,1
DA:704,4
DA:705,1
DA:706,1
DA:707,1
DA:708,1
DA:711,1
DA:712,1
DA:714,1
DA:716,2
DA:717,0
DA:719,2
DA:720,1
DA:723,2
DA:724,0
DA:725,0
DA:727,1
DA:736,1
DA:744,1
DA:745,1
DA:747,1
DA:748,1
DA:750,1
DA:751,1
DA:752,1
DA:753,2
DA:754,1
DA:756,1
DA:758,2
DA:759,1
DA:761,1
DA:763,2
DA:764,1
DA:766,1
DA:768,1
DA:770,1
DA:771,1
DA:772,1
DA:773,1
DA:774,1
DA:775,1
DA:776,1
DA:778,2
DA:779,1
DA:780,1
DA:781,1
DA:782,1
DA:783,1
DA:784,1
DA:785,1
DA:786,1
DA:788,1
DA:789,1
DA:793,1
DA:800,1
DA:806,1
DA:808,1
DA:809,1
DA:810,1
DA:812,1
DA:813,1
DA:814,1
DA:815,1
DA:816,1
DA:817,1
DA:818,1
DA:820,2
DA:821,1
DA:822,1
DA:823,1
DA:824,1
DA:825,1
DA:826,1
DA:828,1
DA:829,1
DA:830,1
DA:831,1
DA:832,1
DA:833,1
DA:835,1
DA:836,1
DA:837,1
DA:838,1
DA:841,0
DA:847,1
DA:859,1
DA:860,1
DA:861,1
DA:862,1
DA:864,2
DA:865,1
DA:866,1
DA:867,1
DA:868,1
DA:869,1
DA:870,1
DA:871,0
DA:873,1
DA:874,0
DA:876,1
DA:877,1
DA:878,1
DA:880,1
DA:881,1
DA:885,0
DA:892,0
DA:893,0
DA:895,0
DA:896,0
DA:898,0
DA:899,0
DA:900,0
DA:901,0
DA:903,0
DA:904,0
DA:905,0
DA:907,0
DA:908,0
DA:910,0
DA:911,0
DA:913,0
DA:914,0
DA:915,0
DA:917,0
LF:233
LH:186
end_of_record
TN:
SF:/home/chad/git/rv/src/misc/entropy.rs
FN:3,count_entropy_range<rv::dist::poisson::Poisson>
FN:44,count_entropy<rv::dist::mixture::Mixture<rv::dist::poisson::Poisson>>
FNF:2
FNDA:2,count_entropy_range<rv::dist::poisson::Poisson>
FNDA:1,count_entropy<rv::dist::mixture::Mixture<rv::dist::poisson::Poisson>>
DA:3,2
DA:9,2
DA:11,2
DA:14,2
DA:15,2
DA:16,2
DA:17,2
DA:18,2
DA:19,6
DA:20,0
DA:22,4
DA:26,4
DA:27,4
DA:28,2
DA:29,2
DA:30,2
DA:31,4
DA:32,2
DA:34,4
DA:44,1
DA:45,1
LF:21
LH:20
end_of_record
TN:
SF:/home/chad/git/rv/src/misc/func.rs
FN:21,vec_to_string<f64>
FN:25,{closure#0}<usize>
FN:49,ln_binom
FN:68,gammafn
FN:88,ln_gammafn
FN:94,logsumexp
FN:125,cumsum<f64>
FN:130,{closure#0}<f64>
FN:138,binary_search
FN:153,catflip_bisection
FN:163,catflip_standard
FN:167,catflip
FN:176,pflip<&mut &mut rand::rngs::thread::ThreadRng>
FN:184,{closure#0}<&mut &mut rand::rngs::thread::ThreadRng>
FN:236,ln_pflip<rand::rngs::thread::ThreadRng>
FN:311,lnmv_gamma
FN:323,mvgamma
FN:336,ln_fact
FNF:18
FNDA:0,vec_to_string<f64>
FNDA:0,{closure#0}<usize>
FNDA:1,ln_binom
FNDA:1,gammafn
FNDA:2,ln_gammafn
FNDA:7,logsumexp
FNDA:2,cumsum<f64>
FNDA:4,{closure#0}<f64>
FNDA:1,binary_search
FNDA:1,catflip_bisection
FNDA:4,catflip_standard
FNDA:2,catflip
FNDA:2,pflip<&mut &mut rand::rngs::thread::ThreadRng>
FNDA:4,{closure#0}<&mut &mut rand::rngs::thread::ThreadRng>
FNDA:2,ln_pflip<rand::rngs::thread::ThreadRng>
FNDA:1,lnmv_gamma
FNDA:0,mvgamma
FNDA:1,ln_fact
DA:21,0
DA:22,0
DA:23,0
DA:24,0
DA:25,0
DA:26,0
DA:27,0
DA:28,0
DA:29,0
DA:31,0
DA:34,0
DA:37,0
DA:49,1
DA:50,2
DA:68,1
DA:69,1
DA:88,2
DA:89,1
DA:94,7
DA:95,3
DA:96,1
DA:97,15
DA:98,2
DA:100,4
DA:102,14
DA:103,9
DA:104,1
DA:105,7
DA:106,8
DA:108,8
DA:112,8
DA:125,2
DA:129,2
DA:130,4
DA:131,2
DA:132,2
DA:138,1
DA:139,1
DA:140,1
DA:141,1
DA:142,1
DA:143,4
DA:144,1
DA:146,1
DA:149,1
DA:153,1
DA:154,1
DA:155,1
DA:156,1
DA:158,0
DA:163,4
DA:164,10
DA:167,2
DA:168,2
DA:169,0
DA:171,4
DA:176,2
DA:177,2
DA:179,2
DA:180,6
DA:181,2
DA:183,4
DA:184,4
DA:185,2
DA:186,2
DA:187,2
DA:189,0
DA:190,0
DA:236,2
DA:242,2
DA:245,4
DA:247,5
DA:248,3
DA:249,3
DA:253,7
DA:254,5
DA:255,3
DA:256,3
DA:257,2
DA:258,0
DA:259,0
DA:260,0
DA:283,3
DA:284,3
DA:285,1
DA:286,5
DA:287,2
DA:289,5
DA:290,6
DA:291,11
DA:292,4
DA:293,3
DA:294,3
DA:295,6
DA:297,4
DA:298,0
DA:301,2
DA:311,1
DA:312,1
DA:313,1
DA:314,3
DA:323,0
DA:324,0
DA:336,1
DA:337,3
DA:338,2
DA:340,1
DA:341,2
DA:342,1
LF:109
LH:87
end_of_record
TN:
SF:/home/chad/git/rv/src/misc/ks.rs
FN:37,ks_test<f64, rv::misc::ks::tests::ks_test_pval::{closure_env#0}>
FN:123,ks_two_sample<f64>
FN:265,paths_outside
FN:273,{closure#0}
FN:282,{closure#2}
FN:304,paths_outside_proportion
FN:324,paths_inside_proportion
FN:339,{closure#0}
FN:368,{closure#1}
FN:373,mmul
FN:379,{closure#0}
FN:385,mpow
FN:401,{closure#0}
FN:402,{closure#0}
FN:416,ks_cdf
FNF:15
FNDA:23,ks_test<f64, rv::misc::ks::tests::ks_test_pval::{closure_env#0}>
FNDA:2,ks_two_sample<f64>
FNDA:0,paths_outside
FNDA:0,{closure#0}
FNDA:0,{closure#2}
FNDA:1,paths_outside_proportion
FNDA:0,paths_inside_proportion
FNDA:0,{closure#0}
FNDA:0,{closure#1}
FNDA:3,mmul
FNDA:11,{closure#0}
FNDA:3,mpow
FNDA:2,{closure#0}
FNDA:4,{closure#0}
FNDA:1,ks_cdf
DA:37,23
DA:42,23
DA:43,115
DA:45,23
DA:46,69
DA:47,23
DA:48,46
DA:49,23
DA:51,23
DA:55,23
DA:56,23
DA:123,2
DA:132,2
DA:133,0
DA:136,2
DA:137,2
DA:138,2
DA:139,2
DA:141,2
DA:142,10
DA:144,2
DA:145,10
DA:147,2
DA:148,2
DA:150,4
DA:151,10
DA:152,4
DA:153,4
DA:155,10
DA:156,4
DA:157,4
DA:161,6
DA:163,2
DA:164,4
DA:165,6
DA:166,2
DA:167,2
DA:168,2
DA:171,2
DA:173,2
DA:174,1
DA:175,1
DA:176,4
DA:179,2
DA:180,2
DA:181,2
DA:182,2
DA:184,2
DA:185,1
DA:186,0
DA:187,0
DA:188,0
DA:190,0
DA:193,0
DA:194,1
DA:195,0
DA:197,1
DA:201,1
DA:202,0
DA:203,1
DA:204,2
DA:205,1
DA:206,1
DA:207,0
DA:209,1
DA:210,0
DA:211,2
DA:212,2
DA:214,0
DA:215,0
DA:216,0
DA:220,0
DA:221,2
DA:222,3
DA:223,2
DA:224,1
DA:226,1
DA:228,0
DA:229,0
DA:230,0
DA:236,0
DA:237,3
DA:239,1
DA:240,0
DA:241,2
DA:242,1
DA:244,0
DA:245,2
DA:246,1
DA:248,1
DA:249,2
DA:250,0
DA:251,2
DA:252,1
DA:253,0
DA:255,1
DA:256,1
DA:265,0
DA:266,0
DA:267,0
DA:268,0
DA:269,0
DA:270,0
DA:272,0
DA:273,0
DA:274,0
DA:277,0
DA:279,0
DA:280,0
DA:282,0
DA:283,0
DA:284,0
DA:285,0
DA:286,0
DA:287,0
DA:288,0
DA:289,0
DA:291,0
DA:293,0
DA:294,0
DA:295,0
DA:296,0
DA:297,0
DA:299,0
DA:304,1
DA:305,1
DA:306,1
DA:307,1
DA:309,3
DA:310,1
DA:311,3
DA:312,1
DA:313,1
DA:314,2
DA:315,1
DA:317,1
DA:319,1
DA:324,0
DA:325,0
DA:326,0
DA:327,0
DA:328,0
DA:330,0
DA:331,0
DA:333,0
DA:334,0
DA:335,0
DA:337,0
DA:338,0
DA:339,0
DA:341,0
DA:342,0
DA:343,0
DA:344,0
DA:346,0
DA:347,0
DA:348,0
DA:350,0
DA:351,0
DA:352,0
DA:353,0
DA:356,0
DA:357,0
DA:359,0
DA:360,0
DA:361,0
DA:362,0
DA:364,0
DA:367,0
DA:368,0
DA:370,0
DA:373,3
DA:374,3
DA:375,4
DA:376,9
DA:377,4
DA:378,1
DA:379,11
DA:382,3
DA:385,3
DA:386,3
DA:387,12
DA:388,3
DA:390,3
DA:391,6
DA:392,3
DA:393,14
DA:394,1
DA:395,1
DA:397,9
DA:398,2
DA:400,7
DA:401,2
DA:402,4
DA:404,2
DA:406,2
DA:416,1
DA:417,1
DA:418,2
DA:419,2
DA:420,1
DA:421,1
DA:425,6
DA:426,4
DA:427,2
DA:429,2
DA:430,6
DA:431,6
DA:432,4
DA:433,2
DA:438,8
DA:439,4
DA:440,2
DA:443,9
DA:444,2
DA:446,1
DA:449,4
DA:450,4
DA:451,2
DA:452,5
DA:453,3
DA:459,6
DA:460,4
DA:461,4
DA:462,2
DA:463,4
DA:464,3
DA:465,1
DA:468,4
LF:229
LH:146
end_of_record
TN:
SF:/home/chad/git/rv/src/misc/legendre.rs
FN:14,gauss_legendre_quadrature<rv::misc::legendre::tests::gauss_legendre_quadrature_3rd_order_poly::{closure_env#0}>
FN:37,gauss_legendre_quadrature_cached<rv::dist::vonmises::{impl#26}::cdf::{closure_env#0}>
FN:48,{closure#0}<rv::dist::vonmises::{impl#26}::cdf::{closure_env#0}>
FN:57,unit_gauss_legendre_quadrature<rv::misc::legendre::gauss_legendre_quadrature::{closure_env#0}<rv::misc::legendre::tests::gauss_legendre_quadrature_3rd_order_poly::{closure_env#0}>>
FN:74,unit_gauss_legendre_quadrature_cached<rv::misc::legendre::gauss_legendre_quadrature_cached::{closure_env#0}<rv::dist::vonmises::{impl#17}::cdf::{closure_env#0}>>
FN:85,{closure#0}<rv::misc::legendre::gauss_legendre_quadrature_cached::{closure_env#0}<rv::dist::vonmises::{impl#17}::cdf::{closure_env#0}>>
FN:89,gauss_legendre_table
FNF:7
FNDA:4,gauss_legendre_quadrature<rv::misc::legendre::tests::gauss_legendre_quadrature_3rd_order_poly::{closure_env#0}>
FNDA:5,gauss_legendre_quadrature_cached<rv::dist::vonmises::{impl#26}::cdf::{closure_env#0}>
FNDA:15,{closure#0}<rv::dist::vonmises::{impl#26}::cdf::{closure_env#0}>
FNDA:2,unit_gauss_legendre_quadrature<rv::misc::legendre::gauss_legendre_quadrature::{closure_env#0}<rv::misc::legendre::tests::gauss_legendre_quadrature_3rd_order_poly::{closure_env#0}>>
FNDA:7,unit_gauss_legendre_quadrature_cached<rv::misc::legendre::gauss_legendre_quadrature_cached::{closure_env#0}<rv::dist::vonmises::{impl#17}::cdf::{closure_env#0}>>
FNDA:21,{closure#0}<rv::misc::legendre::gauss_legendre_quadrature_cached::{closure_env#0}<rv::dist::vonmises::{impl#17}::cdf::{closure_env#0}>>
FNDA:2,gauss_legendre_table
DA:14,4
DA:18,4
DA:19,2
DA:20,6
DA:21,0
DA:37,5
DA:46,10
DA:47,5
DA:48,15
DA:49,0
DA:50,0
DA:57,2
DA:61,4
DA:62,2
DA:74,7
DA:82,21
DA:84,7
DA:85,21
DA:89,2
DA:90,4
DA:91,1
DA:92,1
DA:93,1
DA:94,1
DA:95,1
DA:96,1
DA:97,1
DA:98,1
DA:99,1
DA:100,1
DA:101,1
DA:102,1
DA:103,1
DA:104,1
DA:105,2
DA:106,1
DA:107,1
DA:108,1
DA:109,1
DA:110,1
DA:111,1
DA:112,1
DA:113,1
DA:114,1
DA:115,1
DA:116,1
DA:117,1
DA:118,1
DA:119,1
DA:120,0
DA:123,4
DA:124,1
DA:125,1
DA:126,1
DA:127,1
DA:128,1
DA:129,1
DA:130,1
DA:131,1
DA:132,1
DA:133,1
DA:134,1
DA:135,1
DA:136,1
DA:137,1
DA:138,2
DA:139,1
DA:140,1
DA:141,1
DA:142,1
DA:143,1
DA:144,1
DA:145,1
DA:146,1
DA:147,1
DA:148,1
DA:149,1
DA:150,1
DA:151,1
DA:152,1
DA:153,0
DA:156,2
DA:157,2
DA:158,4
DA:159,2
DA:161,2
DA:163,8
DA:164,2
DA:165,2
DA:169,3
DA:170,1
DA:171,1
DA:176,2
LF:93
LH:88
end_of_record
TN:
SF:/home/chad/git/rv/src/misc/seq.rs
FN:4,linspace
FN:7,{closure#0}
FNF:2
FNDA:2,linspace
FNDA:5,{closure#0}
DA:4,2
DA:5,3
DA:6,2
DA:7,5
LF:4
LH:4
end_of_record
TN:
SF:/home/chad/git/rv/src/misc/x2.rs
FN:21,x2_test
FN:25,{closure#0}
FNF:2
FNDA:1,x2_test
FNDA:3,{closure#0}
DA:21,1
DA:22,1
DA:23,2
DA:24,2
DA:25,3
DA:26,1
DA:27,1
DA:30,1
DA:31,1
DA:32,1
LF:10
LH:10
end_of_record
TN:
SF:/home/chad/git/rv/src/model.rs
FNF:0
DA:49,0
DA:52,0
DA:58,0
DA:59,0
DA:63,0
DA:64,0
DA:87,0
DA:88,0
DA:92,0
DA:93,0
DA:102,0
DA:103,0
DA:106,0
DA:107,0
DA:110,0
DA:111,0
DA:120,0
DA:121,0
DA:130,0
DA:131,0
DA:132,0
DA:133,0
DA:136,0
DA:137,0
DA:138,0
DA:139,0
DA:140,0
DA:141,0
LF:28
LH:0
end_of_record
TN:
SF:/home/chad/git/rv/src/process/gaussian/kernel/constant_kernel.rs
FNF:0
DA:70,0
DA:83,0
DA:107,0
DA:108,0
DA:109,0
DA:110,0
DA:111,0
DA:113,0
LF:8
LH:0
end_of_record
TN:
SF:/home/chad/git/rv/src/process/gaussian/kernel/exp_sin_squared.rs
FNF:0
DA:78,0
DA:79,0
DA:80,0
DA:82,0
DA:83,0
DA:84,0
DA:85,0
DA:100,0
DA:132,0
DA:133,0
DA:134,0
DA:135,0
DA:136,0
DA:139,0
DA:140,0
DA:141,0
DA:142,0
DA:144,0
DA:145,0
DA:146,0
DA:148,0
DA:149,0
DA:150,0
DA:152,0
DA:153,0
DA:154,0
DA:156,0
DA:157,0
DA:158,0
DA:161,0
DA:163,0
LF:31
LH:0
end_of_record
TN:
SF:/home/chad/git/rv/src/process/gaussian/kernel/matern.rs
FNF:0
DA:63,0
DA:65,0
DA:66,0
DA:67,0
DA:69,0
DA:70,0
DA:71,0
DA:73,0
DA:74,0
DA:76,0
DA:77,0
DA:78,0
DA:79,0
DA:80,0
DA:83,0
DA:86,0
DA:118,0
DA:119,0
DA:121,0
DA:122,0
DA:123,0
DA:125,0
DA:126,0
DA:127,0
DA:128,0
DA:130,0
DA:131,0
DA:133,0
DA:134,0
DA:135,0
DA:136,0
DA:141,0
DA:154,0
DA:184,0
DA:186,0
DA:187,0
DA:188,0
DA:189,0
DA:191,0
DA:193,0
DA:195,0
DA:196,0
DA:197,0
DA:198,0
DA:200,0
DA:202,0
DA:204,0
DA:206,0
LF:48
LH:0
end_of_record
TN:
SF:/home/chad/git/rv/src/process/gaussian/kernel/misc.rs
FNF:0
DA:21,0
DA:38,0
DA:39,0
DA:40,0
DA:61,0
DA:62,0
DA:63,0
LF:7
LH:0
end_of_record
TN:
SF:/home/chad/git/rv/src/process/gaussian/kernel/mod.rs
FNF:0
DA:81,0
DA:82,0
DA:83,0
DA:86,0
DA:87,0
DA:88,0
DA:92,0
DA:105,0
DA:106,0
DA:109,0
DA:110,0
LF:11
LH:0
end_of_record
TN:
SF:/home/chad/git/rv/src/process/gaussian/kernel/ops.rs
FNF:0
DA:31,0
DA:32,0
DA:44,0
DA:45,0
DA:55,0
DA:65,0
DA:66,0
DA:69,0
DA:70,0
DA:87,0
DA:88,0
DA:89,0
DA:90,0
DA:99,0
DA:100,0
DA:101,0
DA:104,0
DA:105,0
DA:106,0
DA:109,0
DA:110,0
DA:114,0
DA:115,0
DA:117,0
DA:118,0
DA:120,0
DA:132,0
DA:133,0
DA:135,0
DA:137,0
DA:138,0
DA:161,0
DA:174,0
DA:175,0
DA:187,0
DA:188,0
DA:197,0
DA:198,0
DA:215,0
DA:216,0
DA:217,0
DA:220,0
DA:221,0
DA:230,0
DA:231,0
DA:232,0
DA:233,0
DA:236,0
DA:237,0
DA:238,0
DA:240,0
DA:241,0
DA:245,0
DA:246,0
DA:248,0
DA:249,0
DA:251,0
DA:263,0
DA:264,0
DA:266,0
DA:267,0
DA:268,0
DA:269,0
DA:271,0
LF:64
LH:0
end_of_record
TN:
SF:/home/chad/git/rv/src/process/gaussian/kernel/rational_quadratic.rs
FNF:0
DA:70,0
DA:71,0
DA:72,0
DA:73,0
DA:87,0
DA:114,0
DA:115,0
DA:116,0
DA:117,0
DA:118,0
DA:120,0
DA:121,0
DA:122,0
DA:123,0
DA:124,0
DA:125,0
DA:126,0
DA:128,0
DA:129,0
DA:130,0
DA:131,0
DA:134,0
DA:135,0
DA:136,0
DA:137,0
DA:140,0
DA:142,0
LF:27
LH:0
end_of_record
TN:
SF:/home/chad/git/rv/src/process/gaussian/kernel/rbf.rs
FNF:0
DA:72,0
DA:73,0
DA:75,0
DA:77,0
DA:78,0
DA:79,0
DA:80,0
DA:84,0
DA:97,0
DA:121,0
DA:123,0
DA:124,0
DA:126,0
DA:127,0
DA:129,0
DA:130,0
DA:131,0
DA:133,0
DA:134,0
DA:137,0
DA:138,0
DA:139,0
DA:141,0
DA:144,0
LF:24
LH:0
end_of_record
TN:
SF:/home/chad/git/rv/src/process/gaussian/kernel/seard.rs
FNF:0
DA:68,0
DA:69,0
DA:70,0
DA:72,0
DA:74,0
DA:75,0
DA:76,0
DA:77,0
DA:78,0
DA:79,0
DA:80,0
DA:81,0
DA:83,0
DA:86,0
DA:99,0
DA:134,0
DA:136,0
DA:137,0
DA:139,0
DA:140,0
DA:142,0
DA:143,0
DA:144,0
DA:145,0
DA:146,0
DA:147,0
DA:148,0
DA:151,0
DA:153,0
DA:155,0
DA:156,0
DA:160,0
DA:161,0
DA:162,0
DA:166,0
LF:35
LH:0
end_of_record
TN:
SF:/home/chad/git/rv/src/process/gaussian/kernel/white_kernel.rs
FNF:0
DA:53,0
DA:66,0
DA:67,0
DA:91,0
DA:92,0
DA:93,0
DA:94,0
DA:95,0
DA:96,0
DA:98,0
LF:10
LH:0
end_of_record
TN:
SF:/home/chad/git/rv/src/process/gaussian/mod.rs
FNF:0
DA:24,0
DA:25,0
DA:26,0
DA:103,0
DA:104,0
DA:105,0
DA:108,0
DA:109,0
DA:110,0
DA:113,0
DA:114,0
DA:116,0
DA:117,0
DA:118,0
DA:119,0
DA:120,0
DA:121,0
DA:122,0
DA:123,0
DA:128,0
DA:129,0
DA:133,0
DA:134,0
DA:138,0
DA:139,0
DA:155,0
DA:156,0
DA:159,0
DA:160,0
DA:161,0
DA:163,0
DA:164,0
DA:166,0
DA:170,0
DA:171,0
DA:175,0
DA:176,0
DA:177,0
DA:178,0
DA:179,0
DA:180,0
DA:181,0
DA:182,0
DA:190,0
DA:191,0
DA:192,0
DA:193,0
DA:196,0
DA:197,0
DA:198,0
DA:201,0
DA:203,0
DA:205,0
DA:206,0
DA:208,0
DA:212,0
DA:213,0
DA:214,0
DA:215,0
DA:216,0
DA:218,0
DA:219,0
DA:220,0
DA:224,0
DA:225,0
DA:226,0
DA:227,0
DA:228,0
DA:229,0
DA:230,0
DA:232,0
DA:235,0
DA:237,0
DA:240,0
DA:241,0
DA:242,0
DA:249,0
DA:250,0
DA:251,0
DA:252,0
DA:253,0
DA:254,0
DA:255,0
DA:256,0
DA:260,0
DA:275,0
DA:276,0
DA:277,0
DA:280,0
DA:281,0
DA:282,0
DA:310,0
DA:311,0
DA:312,0
DA:313,0
DA:314,0
DA:319,0
DA:320,0
DA:321,0
DA:322,0
DA:324,0
DA:325,0
DA:326,0
DA:327,0
DA:328,0
DA:330,0
DA:334,0
DA:335,0
DA:336,0
DA:337,0
DA:338,0
DA:342,0
DA:343,0
DA:352,0
DA:360,0
DA:361,0
DA:369,0
DA:370,0
DA:378,0
DA:379,0
DA:387,0
DA:388,0
DA:389,0
DA:390,0
DA:392,0
DA:393,0
DA:394,0
DA:395,0
DA:396,0
DA:398,0
LF:130
LH:0
end_of_record
TN:
SF:/home/chad/git/rv/src/process/mod.rs
FNF:0
DA:83,0
DA:84,0
DA:85,0
DA:87,0
DA:88,0
DA:89,0
DA:91,0
DA:92,0
DA:93,0
DA:94,0
DA:95,0
DA:98,0
DA:99,0
DA:100,0
DA:101,0
DA:102,0
DA:103,0
DA:104,0
DA:108,0
DA:109,0
DA:114,0
DA:115,0
DA:116,0
DA:118,0
DA:139,0
DA:141,0
DA:160,0
DA:161,0
DA:162,0
DA:178,0
DA:179,0
DA:180,0
DA:181,0
LF:33
LH:0
end_of_record
TN:
SF:/home/chad/git/rv/src/suffstat_traits.rs
FN:75,observe_many<rv::data::stat::bernoulli::BernoulliSuffStat, bool>
FN:80,forget_many<rv::data::stat::gaussian::GaussianSuffStat, f64>
FN:81,{closure#0}<rv::data::stat::beta::BetaSuffStat, f32>
FNF:3
FNDA:8,observe_many<rv::data::stat::bernoulli::BernoulliSuffStat, bool>
FNDA:0,forget_many<rv::data::stat::gaussian::GaussianSuffStat, f64>
FNDA:0,{closure#0}<rv::data::stat::beta::BetaSuffStat, f32>
DA:75,8
DA:76,24
DA:80,0
DA:81,0
LF:4
LH:2
end_of_record
TN:
SF:/home/chad/git/rv/src/test.rs
FN:32,{closure#0}
FN:68,ln_f_is_same_after_reset_unchecked_v_identically
FN:100,ln_f_is_same_after_reset_checked_v_identically
FN:171,append_stats
FN:184,{closure#0}
FN:279,prior_draw<rand::rngs::thread::ThreadRng>
FN:283,update_params<rand::rngs::thread::ThreadRng>
FN:295,geweke_stats
FNF:8
FNDA:93,{closure#0}
FNDA:18,ln_f_is_same_after_reset_unchecked_v_identically
FNDA:18,ln_f_is_same_after_reset_checked_v_identically
FNDA:1,append_stats
FNDA:3,{closure#0}
FNDA:3,prior_draw<rand::rngs::thread::ThreadRng>
FNDA:3,update_params<rand::rngs::thread::ThreadRng>
FNDA:3,geweke_stats
DA:32,93
DA:35,1
DA:39,31
DA:40,31
DA:43,31
DA:44,31
DA:45,31
DA:48,31
DA:51,31
DA:68,18
DA:70,3
DA:73,12
DA:75,6
DA:77,6
DA:80,4
DA:81,6
DA:84,4
DA:87,6
DA:88,6
DA:100,18
DA:102,3
DA:105,12
DA:107,6
DA:109,6
DA:112,6
DA:113,6
DA:116,6
DA:119,6
DA:120,6
DA:140,0
DA:141,0
DA:143,0
DA:144,0
DA:147,0
DA:148,0
DA:171,1
DA:176,1
DA:177,1
DA:178,1
DA:182,3
DA:183,2
DA:184,3
DA:195,3
DA:199,3
DA:200,3
DA:201,3
DA:206,3
DA:207,3
DA:208,12
DA:209,6
DA:210,2
DA:211,0
DA:212,0
DA:215,3
DA:221,3
DA:223,3
DA:224,9
DA:225,3
DA:226,3
DA:227,6
DA:228,6
DA:229,3
DA:231,3
DA:234,3
DA:240,3
DA:241,3
DA:244,3
DA:245,6
DA:246,3
DA:247,3
DA:248,6
DA:250,3
DA:254,3
DA:260,3
DA:261,3
DA:262,6
DA:263,6
DA:264,3
DA:265,3
DA:268,3
DA:270,3
DA:279,3
DA:280,3
DA:283,3
DA:288,3
DA:289,3
DA:290,3
DA:292,3
DA:295,3
DA:300,3
DA:302,6
DA:303,3
DA:305,9
DA:306,9
DA:308,9
DA:309,3
DA:310,3
DA:313,3
DA:315,3
DA:316,3
DA:318,3
LF:101
LH:93
end_of_record
TN:
SF:/home/chad/git/rv/src/traits.rs
FN:77,sample_stream<rv::dist::mixture::Mixture<rv::dist::gaussian::Gaussian>, f64, rand::rngs::thread::ThreadRng>
FN:81,{closure#0}<rv::dist::mixture::Mixture<rv::dist::gaussian::Gaussian>, f64, rand::rngs::thread::ThreadRng>
FN:98,f<rv::dist::gamma::Gamma, rv::dist::poisson::Poisson>
FN:188,pdf<rv::dist::gamma::Gamma, f32>
FN:223,ln_pdf<rv::dist::gamma::Gamma, rv::dist::poisson::Poisson>
FN:251,sf<rv::dist::beta::Beta, f64>
FN:281,quantile<rv::dist::gaussian::Gaussian, f32>
FN:300,interval<rv::dist::gaussian::Gaussian, f32>
FN:327,pmf<rv::dist::neg_binom::NegBinomial, u16>
FN:346,ln_pmf<rv::dist::neg_binom::NegBinomial, u16>
FN:435,kl_sym<rv::dist::gaussian::Gaussian>
FN:540,posterior_from_suffstat<rv::dist::normal_inv_chi_squared::NormalInvChiSquared, f64, rv::dist::gaussian::Gaussian>
FN:557,ln_m<rv::dist::normal_inv_chi_squared::NormalInvChiSquared, f64, rv::dist::gaussian::Gaussian>
FN:571,ln_pp<rv::dist::normal_inv_chi_squared::NormalInvChiSquared, f64, rv::dist::gaussian::Gaussian>
FN:577,m<rv::dist::normal_inv_chi_squared::NormalInvChiSquared, f64, rv::dist::gaussian::Gaussian>
FN:581,pp_with_cache<rv::dist::normal_inv_chi_squared::NormalInvChiSquared, f64, rv::dist::gaussian::Gaussian>
FN:586,pp<rv::dist::normal_inv_chi_squared::NormalInvChiSquared, f64, rv::dist::gaussian::Gaussian>
FNF:17
FNDA:10,sample_stream<rv::dist::mixture::Mixture<rv::dist::gaussian::Gaussian>, f64, rand::rngs::thread::ThreadRng>
FNDA:27,{closure#0}<rv::dist::mixture::Mixture<rv::dist::gaussian::Gaussian>, f64, rand::rngs::thread::ThreadRng>
FNDA:9,f<rv::dist::gamma::Gamma, rv::dist::poisson::Poisson>
FNDA:6,pdf<rv::dist::gamma::Gamma, f32>
FNDA:27,ln_pdf<rv::dist::gamma::Gamma, rv::dist::poisson::Poisson>
FNDA:0,sf<rv::dist::beta::Beta, f64>
FNDA:4,quantile<rv::dist::gaussian::Gaussian, f32>
FNDA:5,interval<rv::dist::gaussian::Gaussian, f32>
FNDA:7,pmf<rv::dist::neg_binom::NegBinomial, u16>
FNDA:8,ln_pmf<rv::dist::neg_binom::NegBinomial, u16>
FNDA:0,kl_sym<rv::dist::gaussian::Gaussian>
FNDA:0,posterior_from_suffstat<rv::dist::normal_inv_chi_squared::NormalInvChiSquared, f64, rv::dist::gaussian::Gaussian>
FNDA:9,ln_m<rv::dist::normal_inv_chi_squared::NormalInvChiSquared, f64, rv::dist::gaussian::Gaussian>
FNDA:8,ln_pp<rv::dist::normal_inv_chi_squared::NormalInvChiSquared, f64, rv::dist::gaussian::Gaussian>
FNDA:2,m<rv::dist::normal_inv_chi_squared::NormalInvChiSquared, f64, rv::dist::gaussian::Gaussian>
FNDA:0,pp_with_cache<rv::dist::normal_inv_chi_squared::NormalInvChiSquared, f64, rv::dist::gaussian::Gaussian>
FNDA:0,pp<rv::dist::normal_inv_chi_squared::NormalInvChiSquared, f64, rv::dist::gaussian::Gaussian>
DA:52,14
DA:53,44
DA:77,10
DA:81,27
DA:98,9
DA:99,9
DA:188,6
DA:189,6
DA:223,27
DA:224,27
DA:225,25
DA:227,0
DA:251,0
DA:252,0
DA:281,4
DA:282,4
DA:300,5
DA:301,5
DA:302,10
DA:327,7
DA:328,7
DA:346,8
DA:347,8
DA:348,8
DA:350,0
DA:435,0
DA:436,0
DA:540,0
DA:541,0
DA:557,9
DA:558,8
DA:559,11
DA:571,8
DA:572,9
DA:573,10
DA:577,2
DA:578,2
DA:581,0
DA:582,0
DA:586,0
DA:587,0
LF:41
LH:29
end_of_record
